   1              		.file	"misc.c"
   2              		.text
   3              	.Ltext0:
   4              		.file 0 "/home/pong/FPGALink/makestuff/libs/libusbwrap" "misc.c"
   5              		.globl	usbFreeError
   7              	usbFreeError:
   8              	.LFB4:
   9              		.file 1 "misc.c"
   1:misc.c        **** /*
   2:misc.c        ****  * Copyright (C) 2009-2012 Chris McClelland
   3:misc.c        ****  *
   4:misc.c        ****  * This program is free software: you can redistribute it and/or modify
   5:misc.c        ****  * it under the terms of the GNU Lesser General Public License as published by
   6:misc.c        ****  * the Free Software Foundation, either version 3 of the License, or
   7:misc.c        ****  * (at your option) any later version.
   8:misc.c        ****  *
   9:misc.c        ****  * This program is distributed in the hope that it will be useful,
  10:misc.c        ****  * but WITHOUT ANY WARRANTY; without even the implied warranty of
  11:misc.c        ****  * MERCHANTABILITY or FITNESS FOR A PARTICULAR PURPOSE.  See the
  12:misc.c        ****  * GNU Lesser General Public License for more details.
  13:misc.c        ****  *
  14:misc.c        ****  * You should have received a copy of the GNU Lesser General Public License
  15:misc.c        ****  * along with this program.  If not, see <http://www.gnu.org/licenses/>.
  16:misc.c        ****  */
  17:misc.c        **** #include <liberror.h>
  18:misc.c        **** 
  19:misc.c        **** DLLEXPORT(void) usbFreeError(const char *err) {
  10              		.loc 1 19 47
  11              		.cfi_startproc
  12 0000 F30F1EFA 		endbr64
  13 0004 55       		pushq	%rbp
  14              		.cfi_def_cfa_offset 16
  15              		.cfi_offset 6, -16
  16 0005 4889E5   		movq	%rsp, %rbp
  17              		.cfi_def_cfa_register 6
  18 0008 4883EC10 		subq	$16, %rsp
  19 000c 48897DF8 		movq	%rdi, -8(%rbp)
  20:misc.c        **** 	errFree(err);
  20              		.loc 1 20 2
  21 0010 488B45F8 		movq	-8(%rbp), %rax
  22 0014 4889C7   		movq	%rax, %rdi
  23 0017 E8000000 		call	errFree@PLT
  23      00
  21:misc.c        **** }
  24              		.loc 1 21 1
  25 001c 90       		nop
  26 001d C9       		leave
  27              		.cfi_def_cfa 7, 8
  28 001e C3       		ret
  29              		.cfi_endproc
  30              	.LFE4:
  32              	.Letext0:
  33              		.file 2 "/home/pong/FPGALink/makestuff/libs/liberror/liberror.h"
 305              		.section	.note.gnu.property,"a"
 306              		.align 8
 307 0000 04000000 		.long	1f - 0f
 308 0004 10000000 		.long	4f - 1f
 309 0008 05000000 		.long	5
 310              	0:
 311 000c 474E5500 		.string	"GNU"
 312              	1:
 313              		.align 8
 314 0010 020000C0 		.long	0xc0000002
 315 0014 04000000 		.long	3f - 2f
 316              	2:
 317 0018 03000000 		.long	0x3
 318              	3:
 319 001c 00000000 		.align 8
 320              	4:
DEFINED SYMBOLS
                            *ABS*:0000000000000000 misc.c
     /tmp/ccEJ6yPV.s:7      .text:0000000000000000 usbFreeError

UNDEFINED SYMBOLS
errFree
