   1              		.file	"TimeHelpers.cpp"
   2              		.text
   3              		.align 2
   4              		.p2align 4
   5              		.globl	_ZN8UnitTest5TimerC2Ev
   7              	_ZN8UnitTest5TimerC2Ev:
   8              	.LFB14:
   9              		.cfi_startproc
  10 0000 F30F1EFA 		endbr64
  11 0004 660FEFC0 		pxor	%xmm0, %xmm0
  12 0008 0F1107   		movups	%xmm0, (%rdi)
  13 000b C3       		ret
  14              		.cfi_endproc
  15              	.LFE14:
  17              		.globl	_ZN8UnitTest5TimerC1Ev
  18              		.set	_ZN8UnitTest5TimerC1Ev,_ZN8UnitTest5TimerC2Ev
  19              		.align 2
  20 000c 0F1F4000 		.p2align 4
  21              		.globl	_ZN8UnitTest5Timer5StartEv
  23              	_ZN8UnitTest5Timer5StartEv:
  24              	.LFB16:
  25              		.cfi_startproc
  26 0010 F30F1EFA 		endbr64
  27 0014 31F6     		xorl	%esi, %esi
  28 0016 E9000000 		jmp	gettimeofday@PLT
  28      00
  29              		.cfi_endproc
  30              	.LFE16:
  32 001b 90       		.align 2
  33 001c 0F1F4000 		.p2align 4
  34              		.globl	_ZNK8UnitTest5Timer11GetTimeInMsEv
  36              	_ZNK8UnitTest5Timer11GetTimeInMsEv:
  37              	.LFB17:
  38              		.cfi_startproc
  39 0020 F30F1EFA 		endbr64
  40 0024 53       		pushq	%rbx
  41              		.cfi_def_cfa_offset 16
  42              		.cfi_offset 3, -16
  43 0025 31F6     		xorl	%esi, %esi
  44 0027 4889FB   		movq	%rdi, %rbx
  45 002a 4883EC20 		subq	$32, %rsp
  46              		.cfi_def_cfa_offset 48
  47 002e 64488B04 		movq	%fs:40, %rax
  47      25280000 
  47      00
  48 0037 48894424 		movq	%rax, 24(%rsp)
  48      18
  49 003c 31C0     		xorl	%eax, %eax
  50 003e 4889E7   		movq	%rsp, %rdi
  51 0041 E8000000 		call	gettimeofday@PLT
  51      00
  52 0046 488B4C24 		movq	8(%rsp), %rcx
  52      08
  53 004b 2B4B08   		subl	8(%rbx), %ecx
  54 004e 4863D1   		movslq	%ecx, %rdx
  55 0051 488B0424 		movq	(%rsp), %rax
  56 0055 2B03     		subl	(%rbx), %eax
  57 0057 C1F91F   		sarl	$31, %ecx
  58 005a 4869D2D3 		imulq	$274877907, %rdx, %rdx
  58      4D6210
  59 0061 69C0E803 		imull	$1000, %eax, %eax
  59      0000
  60 0067 48C1FA26 		sarq	$38, %rdx
  61 006b 29CA     		subl	%ecx, %edx
  62 006d 01D0     		addl	%edx, %eax
  63 006f 488B5424 		movq	24(%rsp), %rdx
  63      18
  64 0074 64482B14 		subq	%fs:40, %rdx
  64      25280000 
  64      00
  65 007d 7506     		jne	.L7
  66 007f 4883C420 		addq	$32, %rsp
  67              		.cfi_remember_state
  68              		.cfi_def_cfa_offset 16
  69 0083 5B       		popq	%rbx
  70              		.cfi_def_cfa_offset 8
  71 0084 C3       		ret
  72              	.L7:
  73              		.cfi_restore_state
  74 0085 E8000000 		call	__stack_chk_fail@PLT
  74      00
  75              		.cfi_endproc
  76              	.LFE17:
  78 008a 660F1F44 		.p2align 4
  78      0000
  79              		.globl	_ZN8UnitTest11TimeHelpers7SleepMsEi
  81              	_ZN8UnitTest11TimeHelpers7SleepMsEi:
  82              	.LFB18:
  83              		.cfi_startproc
  84 0090 F30F1EFA 		endbr64
  85 0094 69FFE803 		imull	$1000, %edi, %edi
  85      0000
  86 009a E9000000 		jmp	usleep@PLT
  86      00
  87              		.cfi_endproc
  88              	.LFE18:
  90              		.ident	"GCC: (Ubuntu 11.3.0-1ubuntu1~22.04) 11.3.0"
  91              		.section	.note.GNU-stack,"",@progbits
  92              		.section	.note.gnu.property,"a"
  93              		.align 8
  94 0000 04000000 		.long	1f - 0f
  95 0004 10000000 		.long	4f - 1f
  96 0008 05000000 		.long	5
  97              	0:
  98 000c 474E5500 		.string	"GNU"
  99              	1:
 100              		.align 8
 101 0010 020000C0 		.long	0xc0000002
 102 0014 04000000 		.long	3f - 2f
 103              	2:
 104 0018 03000000 		.long	0x3
 105              	3:
 106 001c 00000000 		.align 8
 107              	4:
DEFINED SYMBOLS
                            *ABS*:0000000000000000 TimeHelpers.cpp
     /tmp/cccWjeKv.s:7      .text:0000000000000000 _ZN8UnitTest5TimerC2Ev
     /tmp/cccWjeKv.s:7      .text:0000000000000000 _ZN8UnitTest5TimerC1Ev
     /tmp/cccWjeKv.s:23     .text:0000000000000010 _ZN8UnitTest5Timer5StartEv
     /tmp/cccWjeKv.s:36     .text:0000000000000020 _ZNK8UnitTest5Timer11GetTimeInMsEv
     /tmp/cccWjeKv.s:81     .text:0000000000000090 _ZN8UnitTest11TimeHelpers7SleepMsEi

UNDEFINED SYMBOLS
gettimeofday
__stack_chk_fail
usleep
