   1              		.file	"misc.c"
   2              		.text
   3              		.p2align 4
   4              		.globl	bufFreeError
   6              	bufFreeError:
   7              	.LFB4:
   8              		.cfi_startproc
   9 0000 F30F1EFA 		endbr64
  10 0004 E9000000 		jmp	errFree@PLT
  10      00
  11              		.cfi_endproc
  12              	.LFE4:
  14              		.ident	"GCC: (Ubuntu 11.3.0-1ubuntu1~22.04) 11.3.0"
  15              		.section	.note.GNU-stack,"",@progbits
  16              		.section	.note.gnu.property,"a"
  17              		.align 8
  18 0000 04000000 		.long	1f - 0f
  19 0004 10000000 		.long	4f - 1f
  20 0008 05000000 		.long	5
  21              	0:
  22 000c 474E5500 		.string	"GNU"
  23              	1:
  24              		.align 8
  25 0010 020000C0 		.long	0xc0000002
  26 0014 04000000 		.long	3f - 2f
  27              	2:
  28 0018 03000000 		.long	0x3
  29              	3:
  30 001c 00000000 		.align 8
  31              	4:
DEFINED SYMBOLS
                            *ABS*:0000000000000000 misc.c
     /tmp/ccAiH5bX.s:6      .text:0000000000000000 bufFreeError

UNDEFINED SYMBOLS
errFree
