   1              		.file	"conv.c"
   2              		.text
   3              	.Ltext0:
   4              		.file 0 "/home/pong/FPGALink/makestuff/libs/libbuffer" "conv.c"
   5              		.globl	getHexNibble
   7              	getHexNibble:
   8              	.LFB4:
   9              		.file 1 "conv.c"
   1:conv.c        **** /*
   2:conv.c        ****  * Copyright (C) 2009-2012 Chris McClelland
   3:conv.c        ****  *
   4:conv.c        ****  * This program is free software: you can redistribute it and/or modify
   5:conv.c        ****  * it under the terms of the GNU Lesser General Public License as published by
   6:conv.c        ****  * the Free Software Foundation, either version 3 of the License, or
   7:conv.c        ****  * (at your option) any later version.
   8:conv.c        ****  *
   9:conv.c        ****  * This program is distributed in the hope that it will be useful,
  10:conv.c        ****  * but WITHOUT ANY WARRANTY; without even the implied warranty of
  11:conv.c        ****  * MERCHANTABILITY or FITNESS FOR A PARTICULAR PURPOSE.  See the
  12:conv.c        ****  * GNU Lesser General Public License for more details.
  13:conv.c        ****  *
  14:conv.c        ****  * You should have received a copy of the GNU Lesser General Public License
  15:conv.c        ****  * along with this program.  If not, see <http://www.gnu.org/licenses/>.
  16:conv.c        ****  */
  17:conv.c        **** #include "conv.h"
  18:conv.c        **** 
  19:conv.c        **** // Updates *outputNibble with the nibble represented by the supplied ascii hex digit.
  20:conv.c        **** // Return false on success or true for illegal char.
  21:conv.c        **** //
  22:conv.c        **** bool getHexNibble(char hexDigit, uint8 *outputNibble) {
  10              		.loc 1 22 55
  11              		.cfi_startproc
  12 0000 F30F1EFA 		endbr64
  13 0004 55       		pushq	%rbp
  14              		.cfi_def_cfa_offset 16
  15              		.cfi_offset 6, -16
  16 0005 4889E5   		movq	%rsp, %rbp
  17              		.cfi_def_cfa_register 6
  18 0008 89F8     		movl	%edi, %eax
  19 000a 488975F0 		movq	%rsi, -16(%rbp)
  20 000e 8845FC   		movb	%al, -4(%rbp)
  23:conv.c        **** 	if ( hexDigit >= '0' && hexDigit <= '9' ) {
  21              		.loc 1 23 5
  22 0011 807DFC2F 		cmpb	$47, -4(%rbp)
  23 0015 7E1A     		jle	.L2
  24              		.loc 1 23 23 discriminator 1
  25 0017 807DFC39 		cmpb	$57, -4(%rbp)
  26 001b 7F14     		jg	.L2
  24:conv.c        **** 		*outputNibble = (uint8)(hexDigit - '0');
  27              		.loc 1 24 19
  28 001d 0FB645FC 		movzbl	-4(%rbp), %eax
  29 0021 8D50D0   		leal	-48(%rax), %edx
  30              		.loc 1 24 17
  31 0024 488B45F0 		movq	-16(%rbp), %rax
  32 0028 8810     		movb	%dl, (%rax)
  25:conv.c        **** 		return false;
  33              		.loc 1 25 10
  34 002a B8000000 		movl	$0, %eax
  34      00
  35 002f EB45     		jmp	.L3
  36              	.L2:
  26:conv.c        **** 	} else if ( hexDigit >= 'a' && hexDigit <= 'f' ) {
  37              		.loc 1 26 12
  38 0031 807DFC60 		cmpb	$96, -4(%rbp)
  39 0035 7E1A     		jle	.L4
  40              		.loc 1 26 30 discriminator 1
  41 0037 807DFC66 		cmpb	$102, -4(%rbp)
  42 003b 7F14     		jg	.L4
  27:conv.c        **** 		*outputNibble = (uint8)(hexDigit - 'a' + 10);
  43              		.loc 1 27 19
  44 003d 0FB645FC 		movzbl	-4(%rbp), %eax
  45 0041 8D50A9   		leal	-87(%rax), %edx
  46              		.loc 1 27 17
  47 0044 488B45F0 		movq	-16(%rbp), %rax
  48 0048 8810     		movb	%dl, (%rax)
  28:conv.c        **** 		return false;
  49              		.loc 1 28 10
  50 004a B8000000 		movl	$0, %eax
  50      00
  51 004f EB25     		jmp	.L3
  52              	.L4:
  29:conv.c        **** 	} else if ( hexDigit >= 'A' && hexDigit <= 'F' ) {
  53              		.loc 1 29 12
  54 0051 807DFC40 		cmpb	$64, -4(%rbp)
  55 0055 7E1A     		jle	.L5
  56              		.loc 1 29 30 discriminator 1
  57 0057 807DFC46 		cmpb	$70, -4(%rbp)
  58 005b 7F14     		jg	.L5
  30:conv.c        **** 		*outputNibble = (uint8)(hexDigit - 'A' + 10);
  59              		.loc 1 30 19
  60 005d 0FB645FC 		movzbl	-4(%rbp), %eax
  61 0061 8D50C9   		leal	-55(%rax), %edx
  62              		.loc 1 30 17
  63 0064 488B45F0 		movq	-16(%rbp), %rax
  64 0068 8810     		movb	%dl, (%rax)
  31:conv.c        **** 		return false;
  65              		.loc 1 31 10
  66 006a B8000000 		movl	$0, %eax
  66      00
  67 006f EB05     		jmp	.L3
  68              	.L5:
  32:conv.c        **** 	} else {
  33:conv.c        **** 		return true;
  69              		.loc 1 33 10
  70 0071 B8010000 		movl	$1, %eax
  70      00
  71              	.L3:
  34:conv.c        **** 	}
  35:conv.c        **** }
  72              		.loc 1 35 1
  73 0076 5D       		popq	%rbp
  74              		.cfi_def_cfa 7, 8
  75 0077 C3       		ret
  76              		.cfi_endproc
  77              	.LFE4:
  79              		.globl	getHexByte
  81              	getHexByte:
  82              	.LFB5:
  36:conv.c        **** 
  37:conv.c        **** // Updates *outputByte with the byte represented by the two ascii hex digits pointed to by hexDigit
  38:conv.c        **** // Return false on success or true for illegal char.
  39:conv.c        **** //
  40:conv.c        **** bool getHexByte(const char *hexDigitPair, uint8 *outputByte) {
  83              		.loc 1 40 62
  84              		.cfi_startproc
  85 0078 F30F1EFA 		endbr64
  86 007c 55       		pushq	%rbp
  87              		.cfi_def_cfa_offset 16
  88              		.cfi_offset 6, -16
  89 007d 4889E5   		movq	%rsp, %rbp
  90              		.cfi_def_cfa_register 6
  91 0080 4883EC20 		subq	$32, %rsp
  92 0084 48897DE8 		movq	%rdi, -24(%rbp)
  93 0088 488975E0 		movq	%rsi, -32(%rbp)
  94              		.loc 1 40 62
  95 008c 64488B04 		movq	%fs:40, %rax
  95      25280000 
  95      00
  96 0095 488945F8 		movq	%rax, -8(%rbp)
  97 0099 31C0     		xorl	%eax, %eax
  41:conv.c        **** 	uint8 upperNibble;
  42:conv.c        **** 	uint8 lowerNibble;
  43:conv.c        **** 	if ( !getHexNibble(hexDigitPair[0], &upperNibble) && !getHexNibble(hexDigitPair[1], &lowerNibble) 
  98              		.loc 1 43 33
  99 009b 488B45E8 		movq	-24(%rbp), %rax
 100 009f 0FB600   		movzbl	(%rax), %eax
 101              		.loc 1 43 8
 102 00a2 0FBEC0   		movsbl	%al, %eax
 103 00a5 488D55F6 		leaq	-10(%rbp), %rdx
 104 00a9 4889D6   		movq	%rdx, %rsi
 105 00ac 89C7     		movl	%eax, %edi
 106 00ae E8000000 		call	getHexNibble@PLT
 106      00
 107              		.loc 1 43 7
 108 00b3 83F001   		xorl	$1, %eax
 109              		.loc 1 43 5
 110 00b6 84C0     		testb	%al, %al
 111 00b8 7444     		je	.L7
 112              		.loc 1 43 81 discriminator 1
 113 00ba 488B45E8 		movq	-24(%rbp), %rax
 114 00be 4883C001 		addq	$1, %rax
 115 00c2 0FB600   		movzbl	(%rax), %eax
 116              		.loc 1 43 56 discriminator 1
 117 00c5 0FBEC0   		movsbl	%al, %eax
 118 00c8 488D55F7 		leaq	-9(%rbp), %rdx
 119 00cc 4889D6   		movq	%rdx, %rsi
 120 00cf 89C7     		movl	%eax, %edi
 121 00d1 E8000000 		call	getHexNibble@PLT
 121      00
 122              		.loc 1 43 55 discriminator 1
 123 00d6 83F001   		xorl	$1, %eax
 124              		.loc 1 43 52 discriminator 1
 125 00d9 84C0     		testb	%al, %al
 126 00db 7421     		je	.L7
  44:conv.c        **** 		*outputByte = (uint8)((upperNibble << 4) | lowerNibble);
 127              		.loc 1 44 38
 128 00dd 0FB645F6 		movzbl	-10(%rbp), %eax
 129 00e1 0FB6C0   		movzbl	%al, %eax
 130 00e4 C1E004   		sall	$4, %eax
 131              		.loc 1 44 44
 132 00e7 89C2     		movl	%eax, %edx
 133 00e9 0FB645F7 		movzbl	-9(%rbp), %eax
 134 00ed 09D0     		orl	%edx, %eax
 135              		.loc 1 44 17
 136 00ef 89C2     		movl	%eax, %edx
 137              		.loc 1 44 15
 138 00f1 488B45E0 		movq	-32(%rbp), %rax
 139 00f5 8810     		movb	%dl, (%rax)
  45:conv.c        **** 		return false;
 140              		.loc 1 45 10
 141 00f7 B8000000 		movl	$0, %eax
 141      00
 142 00fc EB05     		jmp	.L9
 143              	.L7:
  46:conv.c        **** 	} else {
  47:conv.c        **** 		return true;
 144              		.loc 1 47 10
 145 00fe B8010000 		movl	$1, %eax
 145      00
 146              	.L9:
  48:conv.c        **** 	}
  49:conv.c        **** }
 147              		.loc 1 49 1 discriminator 1
 148 0103 488B55F8 		movq	-8(%rbp), %rdx
 149 0107 64482B14 		subq	%fs:40, %rdx
 149      25280000 
 149      00
 150 0110 7405     		je	.L10
 151              		.loc 1 49 1 is_stmt 0
 152 0112 E8000000 		call	__stack_chk_fail@PLT
 152      00
 153              	.L10:
 154 0117 C9       		leave
 155              		.cfi_def_cfa 7, 8
 156 0118 C3       		ret
 157              		.cfi_endproc
 158              	.LFE5:
 160              		.section	.rodata
 161              	.LC0:
 162 0000 30313233 		.string	"0123456789ABCDEF"
 162      34353637 
 162      38394142 
 162      43444546 
 162      00
 163              		.text
 164              		.globl	getHexUpperNibble
 166              	getHexUpperNibble:
 167              	.LFB6:
  50:conv.c        **** 
  51:conv.c        **** // Return the ascii hex digit representing the most significant nibble of the supplied byte.
  52:conv.c        **** //
  53:conv.c        **** char getHexUpperNibble(uint8 byte) {
 168              		.loc 1 53 36 is_stmt 1
 169              		.cfi_startproc
 170 0119 F30F1EFA 		endbr64
 171 011d 55       		pushq	%rbp
 172              		.cfi_def_cfa_offset 16
 173              		.cfi_offset 6, -16
 174 011e 4889E5   		movq	%rsp, %rbp
 175              		.cfi_def_cfa_register 6
 176 0121 89F8     		movl	%edi, %eax
 177 0123 8845FC   		movb	%al, -4(%rbp)
  54:conv.c        **** 	return "0123456789ABCDEF"[byte >> 4];
 178              		.loc 1 54 33
 179 0126 0FB645FC 		movzbl	-4(%rbp), %eax
 180 012a C0E804   		shrb	$4, %al
 181 012d 0FB6C0   		movzbl	%al, %eax
 182              		.loc 1 54 27
 183 0130 4898     		cltq
 184 0132 488D1500 		leaq	.LC0(%rip), %rdx
 184      000000
 185 0139 0FB60410 		movzbl	(%rax,%rdx), %eax
  55:conv.c        **** }
 186              		.loc 1 55 1
 187 013d 5D       		popq	%rbp
 188              		.cfi_def_cfa 7, 8
 189 013e C3       		ret
 190              		.cfi_endproc
 191              	.LFE6:
 193              		.globl	getHexLowerNibble
 195              	getHexLowerNibble:
 196              	.LFB7:
  56:conv.c        **** 
  57:conv.c        **** // Return the ascii hex digit representing the least significant nibble of the supplied byte.
  58:conv.c        **** //
  59:conv.c        **** char getHexLowerNibble(uint8 byte) {
 197              		.loc 1 59 36
 198              		.cfi_startproc
 199 013f F30F1EFA 		endbr64
 200 0143 55       		pushq	%rbp
 201              		.cfi_def_cfa_offset 16
 202              		.cfi_offset 6, -16
 203 0144 4889E5   		movq	%rsp, %rbp
 204              		.cfi_def_cfa_register 6
 205 0147 89F8     		movl	%edi, %eax
 206 0149 8845FC   		movb	%al, -4(%rbp)
  60:conv.c        **** 	return "0123456789ABCDEF"[byte & 0x0F];
 207              		.loc 1 60 33
 208 014c 0FB645FC 		movzbl	-4(%rbp), %eax
 209 0150 83E00F   		andl	$15, %eax
 210              		.loc 1 60 27
 211 0153 4898     		cltq
 212 0155 488D1500 		leaq	.LC0(%rip), %rdx
 212      000000
 213 015c 0FB60410 		movzbl	(%rax,%rdx), %eax
  61:conv.c        **** }
 214              		.loc 1 61 1
 215 0160 5D       		popq	%rbp
 216              		.cfi_def_cfa 7, 8
 217 0161 C3       		ret
 218              		.cfi_endproc
 219              	.LFE7:
 221              	.Letext0:
 222              		.file 2 "/home/pong/FPGALink/makestuff/common/makestuff.h"
 674              		.section	.note.gnu.property,"a"
 675              		.align 8
 676 0000 04000000 		.long	1f - 0f
 677 0004 10000000 		.long	4f - 1f
 678 0008 05000000 		.long	5
 679              	0:
 680 000c 474E5500 		.string	"GNU"
 681              	1:
 682              		.align 8
 683 0010 020000C0 		.long	0xc0000002
 684 0014 04000000 		.long	3f - 2f
 685              	2:
 686 0018 03000000 		.long	0x3
 687              	3:
 688 001c 00000000 		.align 8
 689              	4:
DEFINED SYMBOLS
                            *ABS*:0000000000000000 conv.c
     /tmp/cczoKObC.s:7      .text:0000000000000000 getHexNibble
     /tmp/cczoKObC.s:81     .text:0000000000000078 getHexByte
     /tmp/cczoKObC.s:166    .text:0000000000000119 getHexUpperNibble
     /tmp/cczoKObC.s:195    .text:000000000000013f getHexLowerNibble

UNDEFINED SYMBOLS
__stack_chk_fail
