   1              		.file	"MemoryOutStream.cpp"
   2              		.text
   3              	.Ltext0:
   4              		.file 0 "/home/pong/FPGALink/makestuff/libs/libutpp" "MemoryOutStream.cpp"
   5              		.align 2
   6              		.globl	_ZNK8UnitTest15MemoryOutStream7GetTextEv
   8              	_ZNK8UnitTest15MemoryOutStream7GetTextEv:
   9              	.LFB1129:
  10              		.file 1 "MemoryOutStream.cpp"
   1:MemoryOutStream.cpp **** #include "MemoryOutStream.h"
   2:MemoryOutStream.cpp **** 
   3:MemoryOutStream.cpp **** #ifndef UNITTEST_USE_CUSTOM_STREAMS
   4:MemoryOutStream.cpp **** 
   5:MemoryOutStream.cpp **** 
   6:MemoryOutStream.cpp **** namespace UnitTest {
   7:MemoryOutStream.cpp **** 
   8:MemoryOutStream.cpp **** char const* MemoryOutStream::GetText() const
   9:MemoryOutStream.cpp **** {
  11              		.loc 1 9 1
  12              		.cfi_startproc
  13              		.cfi_personality 0x9b,DW.ref.__gxx_personality_v0
  14              		.cfi_lsda 0x1b,.LLSDA1129
  15 0000 F30F1EFA 		endbr64
  16 0004 55       		pushq	%rbp
  17              		.cfi_def_cfa_offset 16
  18              		.cfi_offset 6, -16
  19 0005 4889E5   		movq	%rsp, %rbp
  20              		.cfi_def_cfa_register 6
  21 0008 53       		pushq	%rbx
  22 0009 4883EC48 		subq	$72, %rsp
  23              		.cfi_offset 3, -24
  24 000d 48897DB8 		movq	%rdi, -72(%rbp)
  25              		.loc 1 9 1
  26 0011 64488B04 		movq	%fs:40, %rax
  26      25280000 
  26      00
  27 001a 488945E8 		movq	%rax, -24(%rbp)
  28 001e 31C0     		xorl	%eax, %eax
  10:MemoryOutStream.cpp ****     m_text = this->str();
  29              		.loc 1 10 23
  30 0020 488B55B8 		movq	-72(%rbp), %rdx
  31 0024 488D45C0 		leaq	-64(%rbp), %rax
  32 0028 4889D6   		movq	%rdx, %rsi
  33 002b 4889C7   		movq	%rax, %rdi
  34              	.LEHB0:
  35 002e E8000000 		call	_ZNKSt7__cxx1119basic_ostringstreamIcSt11char_traitsIcESaIcEE3strEv@PLT
  35      00
  36              	.LEHE0:
  37              		.loc 1 10 24
  38 0033 488B45B8 		movq	-72(%rbp), %rax
  39 0037 488D5070 		leaq	112(%rax), %rdx
  40 003b 488D45C0 		leaq	-64(%rbp), %rax
  41 003f 4889C6   		movq	%rax, %rsi
  42 0042 4889D7   		movq	%rdx, %rdi
  43              	.LEHB1:
  44 0045 E8000000 		call	_ZNSt7__cxx1112basic_stringIcSt11char_traitsIcESaIcEEaSERKS4_@PLT
  44      00
  45              	.LEHE1:
  46              		.loc 1 10 23 discriminator 2
  47 004a 488D45C0 		leaq	-64(%rbp), %rax
  48 004e 4889C7   		movq	%rax, %rdi
  49              	.LEHB2:
  50 0051 E8000000 		call	_ZNSt7__cxx1112basic_stringIcSt11char_traitsIcESaIcEED1Ev@PLT
  50      00
  11:MemoryOutStream.cpp ****     return m_text.c_str();
  51              		.loc 1 11 24 discriminator 2
  52 0056 488B45B8 		movq	-72(%rbp), %rax
  53 005a 4883C070 		addq	$112, %rax
  54 005e 4889C7   		movq	%rax, %rdi
  55 0061 E8000000 		call	_ZNKSt7__cxx1112basic_stringIcSt11char_traitsIcESaIcEE5c_strEv@PLT
  55      00
  56              	.LEHE2:
  12:MemoryOutStream.cpp **** }
  57              		.loc 1 12 1 discriminator 2
  58 0066 488B55E8 		movq	-24(%rbp), %rdx
  59 006a 64482B14 		subq	%fs:40, %rdx
  59      25280000 
  59      00
  60 0073 7425     		je	.L4
  61 0075 EB1E     		jmp	.L6
  62              	.L5:
  63 0077 F30F1EFA 		endbr64
  10:MemoryOutStream.cpp ****     m_text = this->str();
  64              		.loc 1 10 23
  65 007b 4889C3   		movq	%rax, %rbx
  66 007e 488D45C0 		leaq	-64(%rbp), %rax
  67 0082 4889C7   		movq	%rax, %rdi
  68 0085 E8000000 		call	_ZNSt7__cxx1112basic_stringIcSt11char_traitsIcESaIcEED1Ev@PLT
  68      00
  69 008a 4889D8   		movq	%rbx, %rax
  70 008d 4889C7   		movq	%rax, %rdi
  71              	.LEHB3:
  72 0090 E8000000 		call	_Unwind_Resume@PLT
  72      00
  73              	.LEHE3:
  74              	.L6:
  75              		.loc 1 12 1
  76 0095 E8000000 		call	__stack_chk_fail@PLT
  76      00
  77              	.L4:
  78 009a 488B5DF8 		movq	-8(%rbp), %rbx
  79 009e C9       		leave
  80              		.cfi_def_cfa 7, 8
  81 009f C3       		ret
  82              		.cfi_endproc
  83              	.LFE1129:
  84              		.globl	__gxx_personality_v0
  85              		.section	.gcc_except_table,"a",@progbits
  86              	.LLSDA1129:
  87 0000 FF       		.byte	0xff
  88 0001 FF       		.byte	0xff
  89 0002 01       		.byte	0x1
  90 0003 11       		.uleb128 .LLSDACSE1129-.LLSDACSB1129
  91              	.LLSDACSB1129:
  92 0004 2E       		.uleb128 .LEHB0-.LFB1129
  93 0005 05       		.uleb128 .LEHE0-.LEHB0
  94 0006 00       		.uleb128 0
  95 0007 00       		.uleb128 0
  96 0008 45       		.uleb128 .LEHB1-.LFB1129
  97 0009 05       		.uleb128 .LEHE1-.LEHB1
  98 000a 77       		.uleb128 .L5-.LFB1129
  99 000b 00       		.uleb128 0
 100 000c 51       		.uleb128 .LEHB2-.LFB1129
 101 000d 15       		.uleb128 .LEHE2-.LEHB2
 102 000e 00       		.uleb128 0
 103 000f 00       		.uleb128 0
 104 0010 9001     		.uleb128 .LEHB3-.LFB1129
 105 0012 05       		.uleb128 .LEHE3-.LEHB3
 106 0013 00       		.uleb128 0
 107 0014 00       		.uleb128 0
 108              	.LLSDACSE1129:
 109              		.text
 111              	.Letext0:
 112              		.file 2 "<built-in>"
 113              		.file 3 "/usr/lib/gcc/x86_64-linux-gnu/11/include/stddef.h"
 114              		.file 4 "/usr/include/x86_64-linux-gnu/bits/types/wint_t.h"
 115              		.file 5 "/usr/include/x86_64-linux-gnu/bits/types/__mbstate_t.h"
 116              		.file 6 "/usr/include/x86_64-linux-gnu/bits/types/mbstate_t.h"
 117              		.file 7 "/usr/include/x86_64-linux-gnu/bits/types/__FILE.h"
 118              		.file 8 "/usr/include/c++/11/cwchar"
 119              		.file 9 "/usr/include/c++/11/bits/char_traits.h"
 120              		.file 10 "/usr/include/x86_64-linux-gnu/c++/11/bits/c++config.h"
 121              		.file 11 "/usr/include/c++/11/clocale"
 122              		.file 12 "/usr/include/c++/11/bits/allocator.h"
 123              		.file 13 "/usr/include/c++/11/bits/basic_string.h"
 124              		.file 14 "/usr/include/c++/11/bits/basic_string.tcc"
 125              		.file 15 "/usr/include/c++/11/sstream"
 126              		.file 16 "/usr/include/c++/11/bits/stringfwd.h"
 127              		.file 17 "/usr/include/c++/11/cwctype"
 128              		.file 18 "/usr/include/c++/11/bits/stl_iterator_base_types.h"
 129              		.file 19 "/usr/include/wchar.h"
 130              		.file 20 "/usr/include/x86_64-linux-gnu/bits/types/struct_tm.h"
 131              		.file 21 "/usr/include/c++/11/debug/debug.h"
 132              		.file 22 "/usr/include/c++/11/bits/predefined_ops.h"
 133              		.file 23 "/usr/include/c++/11/ext/new_allocator.h"
 134              		.file 24 "/usr/include/c++/11/ext/alloc_traits.h"
 135              		.file 25 "/usr/include/c++/11/bits/stl_iterator.h"
 136              		.file 26 "/usr/include/locale.h"
 137              		.file 27 "/usr/include/x86_64-linux-gnu/bits/types.h"
 138              		.file 28 "/usr/include/x86_64-linux-gnu/bits/wctype-wchar.h"
 139              		.file 29 "/usr/include/wctype.h"
 140              		.file 30 "MemoryOutStream.h"
 8197              		.align 8
 8200              	DW.ref.__gxx_personality_v0:
 8201 0000 00000000 		.quad	__gxx_personality_v0
 8201      00000000 
 8202              		.ident	"GCC: (Ubuntu 11.3.0-1ubuntu1~22.04) 11.3.0"
 8203              		.section	.note.GNU-stack,"",@progbits
 8204              		.section	.note.gnu.property,"a"
 8205              		.align 8
 8206 0000 04000000 		.long	1f - 0f
 8207 0004 10000000 		.long	4f - 1f
 8208 0008 05000000 		.long	5
 8209              	0:
 8210 000c 474E5500 		.string	"GNU"
 8211              	1:
 8212              		.align 8
 8213 0010 020000C0 		.long	0xc0000002
 8214 0014 04000000 		.long	3f - 2f
 8215              	2:
 8216 0018 03000000 		.long	0x3
 8217              	3:
 8218 001c 00000000 		.align 8
 8219              	4:
DEFINED SYMBOLS
                            *ABS*:0000000000000000 MemoryOutStream.cpp
     /tmp/cciZx04U.s:8      .text:0000000000000000 _ZNK8UnitTest15MemoryOutStream7GetTextEv
     /tmp/cciZx04U.s:8200   .data.rel.local.DW.ref.__gxx_personality_v0:0000000000000000 DW.ref.__gxx_personality_v0

UNDEFINED SYMBOLS
_ZNKSt7__cxx1119basic_ostringstreamIcSt11char_traitsIcESaIcEE3strEv
_ZNSt7__cxx1112basic_stringIcSt11char_traitsIcESaIcEEaSERKS4_
_ZNSt7__cxx1112basic_stringIcSt11char_traitsIcESaIcEED1Ev
_ZNKSt7__cxx1112basic_stringIcSt11char_traitsIcESaIcEE5c_strEv
_Unwind_Resume
__stack_chk_fail
__gxx_personality_v0
