   1              		.file	"eepromNoBootFirmware.c"
   2              		.text
   3              	.Ltext0:
   4              		.file 0 "/home/pong/FPGALink/makestuff/libs/libfpgalink" "gen_fw/eepromNoBootFirmware.c"
   5              		.section	.rodata
   6              		.align 32
   9              	data:
  10 0000 C200     		.string	"\302"
  11 0002 00       		.string	""
  12 0003 00       		.string	""
  13 0004 00       		.string	""
  14 0005 00       		.string	""
  15 0006 00       		.string	""
  16 0007 0100     		.string	"\001"
  17 0009 0400     		.string	"\004"
  18 000b 00       		.string	""
  19 000c 0201B932 		.string	"\002\001\2712"
  19      00
  20 0011 0100     		.string	"\001"
  21 0013 0B3200   		.string	"\0132"
  22 0016 0100     		.string	"\001"
  23 0018 133200   		.string	"\0232"
  24 001b 0100     		.string	"\001"
  25 001d 1B3200   		.string	"\0332"
  26 0020 0100     		.string	"\001"
  27 0022 233200   		.string	"#2"
  28 0025 0100     		.string	"\001"
  29 0027 2B3200   		.string	"+2"
  30 002a 0300     		.string	"\003"
  31 002c 33021556 		.string	"3\002\025V"
  31      00
  32 0031 0100     		.string	"\001"
  33 0033 3B3200   		.string	";2"
  34 0036 0300     		.string	"\003"
  35 0038 43021F00 		.string	"C\002\037"
  36 003c 00       		.string	""
  37 003d 0100     		.string	"\001"
  38 003f 4B3200   		.string	"K2"
  39 0042 0100     		.string	"\001"
  40 0044 533200   		.string	"S2"
  41 0047 0100     		.string	"\001"
  42 0049 5B3200   		.string	"[2"
  43 004c 0100     		.string	"\001"
  44 004e 633200   		.string	"c2"
  45 0051 0300     		.string	"\003"
  46 0053 6B021559 		.string	"k\002\025Y"
  46      00
  47 0058 0300     		.string	"\003"
  48 005a 73021A4B 		.string	"s\002\032K"
  48      00
  49 005f 0300     		.string	"\003"
  50 0061 7B021648 		.string	"{\002\026H"
  50      00
  51 0066 0300     		.string	"\003"
  52 0068 8302161E 		.string	"\203\002\026\036"
  52      00
  53 006d 0300     		.string	"\003"
  54 006f 8B021580 		.string	"\213\002\025\200"
  54      00
  55 0074 0300     		.string	"\003"
  56 0076 930215CF 		.string	"\223\002\025\317"
  56      00
  57 007b 0300     		.string	"\003"
  58 007d 9B021645 		.string	"\233\002\026E"
  58      00
  59 0082 0300     		.string	"\003"
  60 0084 A3021A75 		.string	"\243\002\032u"
  60      00
  61 0089 0300     		.string	"\003"
  62 008b AB021A76 		.string	"\253\002\032v"
  62      00
  63 0090 0300     		.string	"\003"
  64 0092 B3021A77 		.string	"\263\002\032w"
  64      00
  65 0097 0300     		.string	"\003"
  66 0099 BB021A7A 		.string	"\273\002\032z"
  66      00
  67 009e 0300     		.string	"\003"
  68 00a0 C3021A4A 		.string	"\303\002\032J"
  68      00
  69 00a5 0300     		.string	"\003"
  70 00a7 CB021A67 		.string	"\313\002\032g"
  70      00
  71 00ac 0300     		.string	"\003"
  72 00ae D3021A68 		.string	"\323\002\032h"
  72      00
  73 00b3 0300     		.string	"\003"
  74 00b5 DB021A6A 		.string	"\333\002\032j"
  74      00
  75 00ba 0300     		.string	"\003"
  76 00bc E302164A 		.string	"\343\002\026J"
  76      00
  77 00c1 0300     		.string	"\003"
  78 00c3 EB021AF3 		.string	"\353\002\032\363"
  78      00
  79 00c8 0300     		.string	"\003"
  80 00ca F3021646 		.string	"\363\002\026F"
  80      00
  81 00cf 0300     		.string	"\003"
  82 00d1 FB021647 		.string	"\373\002\026G"
  82      00
  83 00d6 03010302 		.string	"\003\001\003\002\026I"
  83      164900
  84 00dd 03010B02 		.string	"\003\001\013\002\026K"
  84      164B00
  85 00e4 03011302 		.string	"\003\001\023\002\026L"
  85      164C00
  86 00eb 03011B02 		.string	"\003\001\033\002\032\326"
  86      1AD600
  87 00f2 03012302 		.string	"\003\001#\002\032s"
  87      1A7300
  88 00f9 03012B02 		.string	"\003\001+\002\032x"
  88      1A7800
  89 0100 03013302 		.string	"\003\0013\002\032{"
  89      1A7B00
  90 0107 03013B02 		.string	"\003\001;\002\032}"
  90      1A7D00
  91 010e 03014302 		.string	"\003\001C\002\032t"
  91      1A7400
  92 0115 03014B02 		.string	"\003\001K\002\032y"
  92      1A7900
  93 011c 03015302 		.string	"\003\001S\002\032|"
  93      1A7C00
  94 0123 03015B02 		.string	"\003\001[\002\032~"
  94      1A7E00
  95 012a 03016302 		.string	"\003\001c\002\032\325"
  95      1AD500
  96 0131 03016B02 		.string	"\003\001k\002\032k"
  96      1A6B00
  97 0138 03017302 		.string	"\003\001s\002\032m"
  97      1A6D00
  98 013f 03017B02 		.string	"\003\001{\002\032o"
  98      1A6F00
  99 0146 03018302 		.string	"\003\001\203\002\032q"
  99      1A7100
 100 014d 03018B02 		.string	"\003\001\213\002\032l"
 100      1A6C00
 101 0154 03019302 		.string	"\003\001\223\002\032n"
 101      1A6E00
 102 015b 03019B02 		.string	"\003\001\233\002\032p"
 102      1A7000
 103 0162 0301A302 		.string	"\003\001\243\002\032r"
 103      1A7200
 104 0169 0301AB02 		.string	"\003\001\253\002\032i\003\377\001\263\002\032I\002\024\376u\201/\022\032\364\345\202`\003
 104      1A6903FF 
 104      01B3021A 
 104      490214FE 
 104      75812F12 
 105 018b 601B7A01 		.string	"`\033z\001\220\033\334x\025u\222\340\344\223\362\243\b\270"
 105      901BDC78 
 105      157592E0 
 105      E493F2A3 
 105      08B800
 106 019e 020592D9 		.string	"\002\005\222\331\364\332\362u\222\377\344x\377\366\330\375x"
 106      F4DAF275 
 106      92FFE478 
 106      FFF6D8FD 
 106      7800
 107 01b0 E84400   		.string	"\350D"
 108 01b3 600A7900 		.string	"`\ny"
 109 01b7 7592E0E4 		.string	"u\222\340\344\363\t\330\374x\025\350D"
 109      F309D8FC 
 109      7815E844 
 109      00
 110 01c4 600C7901 		.string	"`\fy\001\220\340"
 110      90E000
 111 01cb E4F0A3D8 		.string	"\344\360\243\330\374\331\372\302\t\302\nu*"
 111      FCD9FAC2 
 111      09C20A75 
 111      2A00
 112 01d9 752B00   		.string	"u+"
 113 01dc 752C4A75 		.string	"u,Ju-\036u.\022u/\036\002\001\266\257\202\220\346\302\344\360\277\001\007\220\346\001t\34
 113      2D1E752E 
 113      12752F1E 
 113      0201B6AF 
 113      8290E6C2 
 114 0212 00       		.string	""
 115 0213 00       		.string	""
 116 0214 00       		.string	""
 117 0215 90E602E4 		.string	"\220\346\002\344\360"
 117      F000
 118 021b 00       		.string	""
 119 021c 00       		.string	""
 120 021d 00       		.string	""
 121 021e 90E603E4 		.string	"\220\346\003\344\360"
 121      F000
 122 0224 00       		.string	""
 123 0225 00       		.string	""
 124 0226 00       		.string	""
 125 0227 90E609E4 		.string	"\220\346\t\344\360"
 125      F000
 126 022d 00       		.string	""
 127 022e 00       		.string	""
 128 022f 00       		.string	""
 129 0230 90E60B74 		.string	"\220\346\013t\003\360"
 129      03F000
 130 0237 00       		.string	""
 131 0238 00       		.string	""
 132 0239 00       		.string	""
 133 023a 90E600   		.string	"\220\346"
 134 023d 7410F000 		.string	"t\020\360"
 135 0241 00       		.string	""
 136 0242 00       		.string	""
 137 0243 00       		.string	""
 138 0244 90E60174 		.string	"\220\346\001t\340\360"
 138      E0F000
 139 024b 00       		.string	""
 140 024c 00       		.string	""
 141 024d 00       		.string	""
 142 024e 90E613E4 		.string	"\220\346\023\344\360"
 142      F000
 143 0254 00       		.string	""
 144 0255 00       		.string	""
 145 0256 00       		.string	""
 146 0257 90E615E4 		.string	"\220\346\025\344\360"
 146      F000
 147 025d 00       		.string	""
 148 025e 00       		.string	""
 149 025f 00       		.string	""
 150 0260 90E619E4 		.string	"\220\346\031\344\360"
 150      F000
 151 0266 00       		.string	""
 152 0267 00       		.string	""
 153 0268 00       		.string	""
 154 0269 90E61BE4 		.string	"\220\346\033\344\360"
 154      F000
 155 026f 00       		.string	""
 156 0270 00       		.string	""
 157 0271 00       		.string	""
 158 0272 90E61074 		.string	"\220\346\020t\240\360"
 158      A0F000
 159 0279 00       		.string	""
 160 027a 00       		.string	""
 161 027b 00       		.string	""
 162 027c 90E61174 		.string	"\220\346\021t\240\360"
 162      A0F000
 163 0283 00       		.string	""
 164 0284 00       		.string	""
 165 0285 00       		.string	""
 166 0286 90E61274 		.string	"\220\346\022t\240\360"
 166      A0F000
 167 028d 00       		.string	""
 168 028e 00       		.string	""
 169 028f 00       		.string	""
 170 0290 90E61474 		.string	"\220\346\024t\340\360"
 170      E0F000
 171 0297 00       		.string	""
 172 0298 00       		.string	""
 173 0299 00       		.string	""
 174 029a 90E60474 		.string	"\220\346\004t\200\360"
 174      80F000
 175 02a1 00       		.string	""
 176 02a2 00       		.string	""
 177 02a3 00       		.string	""
 178 02a4 90E60474 		.string	"\220\346\004t\002\360"
 178      02F000
 179 02ab 00       		.string	""
 180 02ac 00       		.string	""
 181 02ad 00       		.string	""
 182 02ae 90E60474 		.string	"\220\346\004t\006\360"
 182      06F000
 183 02b5 00       		.string	""
 184 02b6 00       		.string	""
 185 02b7 00       		.string	""
 186 02b8 90E604E4 		.string	"\220\346\004\344\360\220\346\215\360"
 186      F090E68D 
 186      F000
 187 02c2 00       		.string	""
 188 02c3 00       		.string	""
 189 02c4 00       		.string	""
 190 02c5 90E64974 		.string	"\220\346It\202\360"
 190      82F000
 191 02cc 00       		.string	""
 192 02cd 00       		.string	""
 193 02ce 00       		.string	""
 194 02cf 90E64974 		.string	"\220\346It\202\360"
 194      82F000
 195 02d6 00       		.string	""
 196 02d7 00       		.string	""
 197 02d8 00       		.string	""
 198 02d9 90E64974 		.string	"\220\346It\202\360"
 198      82F000
 199 02e0 00       		.string	""
 200 02e1 00       		.string	""
 201 02e2 00       		.string	""
 202 02e3 90E64974 		.string	"\220\346It\202\360"
 202      82F000
 203 02ea 00       		.string	""
 204 02eb 00       		.string	""
 205 02ec 00       		.string	""
 206 02ed 90E61874 		.string	"\220\346\030t\020\360"
 206      10F000
 207 02f4 00       		.string	""
 208 02f5 00       		.string	""
 209 02f6 00       		.string	""
 210 02f7 90E61A74 		.string	"\220\346\032t\b\360"
 210      08F000
 211 02fe 00       		.string	""
 212 02ff 00       		.string	""
 213 0300 00       		.string	""
 214 0301 90E62474 		.string	"\220\346$t\002\360"
 214      02F000
 215 0308 00       		.string	""
 216 0309 00       		.string	""
 217 030a 00       		.string	""
 218 030b 90E625E4 		.string	"\220\346%\344\360\220\346z\340D\001\360u\257\007u\200\377u\262"
 218      F090E67A 
 218      E04401F0 
 218      75AF0775 
 218      80FF75B2 
 219 0320 7590FF75 		.string	"u\220\377u\263"
 219      B300
 220 0326 75A0FF75 		.string	"u\240\377u\264"
 220      B400
 221 032c 75B0FF75 		.string	"u\260\377u\265"
 221      B500
 222 0332 75B1FF75 		.string	"u\261\377u\266"
 222      B600
 223 0338 220212A8 		.string	"\"\002\022\250\257\202~"
 223      AF827E00 
 224 0340 EF24FB50 		.string	"\357$\373P\003\002\005\247\357//\220\003\217s\002\003\236\002\004\007\002\004p\002\004\33
 224      030205A7 
 224      EF2F2F90 
 224      038F7302 
 224      039E0204 
 225 03c2 8F060205 		.string	"\217\006\002\005\247\345\035E\263`*\345\036`\007\345\035E\263\377\200\007\345\035\364\375
 225      A7E51D45 
 225      B3602AE5 
 225      1E6007E5 
 225      1D45B3FF 
 226 042b 8F060205 		.string	"\217\006\002\005\247\345\035E\264`*\345\036`\007\345\035E\264\377\200\007\345\035\364\375
 226      A7E51D45 
 226      B4602AE5 
 226      1E6007E5 
 226      1D45B4FF 
 227 0494 8F060205 		.string	"\217\006\002\005\247\345\035E\265`*\345\036`\007\345\035E\265\377\200\007\345\035\364\375
 227      A7E51D45 
 227      B5602AE5 
 227      1E6007E5 
 227      1D45B5FF 
 228 04fd 8F068066 		.string	"\217\006\200f\345\035E\266`*\345\036`\007\345\035E\266\377\200\007\345\035\364\375U\266\3
 228      E51D45B6 
 228      602AE51E 
 228      6007E51D 
 228      45B6FF80 
 229 0565 8F068E82 		.string	"\217\006\216\202\"\257\202\277\200\002\200'\277\003\377\005\262\201\003\002\006\213\277\2
 229      22AF82BF 
 229      80028027 
 229      BF03FF05 
 229      B2810302 
 230 05ab 90E6BAE0 		.string	"\220\346\272\340|"
 230      7C00
 231 05b1 4207EC42 		.string	"B\007\354B\006\220\346\274\340\375\357Np\b\215\202\022\002+\002\006\207u\202"
 231      0690E6BC 
 231      E0FDEF4E 
 231      70088D82 
 231      12022B02 
 232 05ca 2290E6A0 		.string	"\"\220\346\240\340\377 \341\370\220\347@tN\360\220\347AtE\360\220\347BtM\360\220\347CtI\3
 232      E0FF20E1 
 232      F890E740 
 232      744EF090 
 232      E7417445 
 233 05fb 80027F01 		.string	"\200\002\177\001\220\347E\357\360\220\347Ft\021\360\220\347Gt&\360\220\347Ht\377\360\220\
 233      90E745EF 
 233      F090E746 
 233      7411F090 
 233      E7477426 
 234 0642 00       		.string	""
 235 0643 00       		.string	""
 236 0644 00       		.string	""
 237 0645 90E68B74 		.string	"\220\346\213t\020\360u\202\001\"\220\346\270\340\377\277@\002\200\003\002\ty\220\346\213\
 237      10F07582 
 237      012290E6 
 237      B8E0FFBF 
 237      40028003 
 238 0722 2290E6A0 		.string	"\"\220\346\240\340\373 \341\370\216\360\005\360t\001\200\002%\340\325\360\373\365\035\215
 238      E0FB20E1 
 238      F88EF005 
 238      F0740180 
 238      0225E0D5 
 239 0750 00       		.string	""
 240 0751 00       		.string	""
 241 0752 00       		.string	""
 242 0753 90E68B74 		.string	"\220\346\213t\001\360u\202\001\"\220\346\270\340\377\277@\002\200\003\002\ty\220\346\274\
 242      01F07582 
 242      012290E6 
 242      B8E0FFBF 
 242      40028003 
 243 077f 501590E6 		.string	"P\025\220\346\272\340\375\356\304T\360$\200-\365\035\217\202\022\t\362\200\r\356\304T\360
 243      BAE0FDEE 
 243      C454F024 
 243      802DF51D 
 243      8F821209 
 244 07bb 90E6BAE0 		.string	"\220\346\272\340\375|"
 244      FD7C00
 245 07c2 90E000   		.string	"\220\340"
 246 07c5 ED4FF0EC 		.ascii	"\355O\360\354N\243\360\220\346\277\340"
 246      4EA3F090 
 246      E6BFE0
 247 07d0 FE7F00   		.string	"\376\177"
 248 07d3 90E6BEE0 		.string	"\220\346\276\340\375|"
 248      FD7C00
 249 07da 90E002ED 		.string	"\220\340\002\355O\360\354N\243\360\220\340\002\340\376\243\340\377Np\003\002\tu\220\346\2
 249      4FF0EC4E 
 249      A3F090E0 
 249      02E0FEA3 
 249      E0FF4E70 
 250 0809 40047E40 		.string	"@\004~@\177"
 250      7F00
 251 080f 7D00     		.string	"}"
 252 0811 8D037C00 		.string	"\215\003|"
 253 0815 C3EB9EEC 		.string	"\303\353\236\354\237P\020\355$@\365\202\3444\347\365\203t#\360\r\200\345\220\346\274\340$
 253      9F5010ED 
 253      2440F582 
 253      E434E7F5 
 253      837423F0 
 254 0837 E0FCA3E0 		.string	"\340\374\243\340\375\216\003u$@u%\347\213#\214\202\215\203\300\007\300\006\300\005\300\00
 254      FD8E0375 
 254      24407525 
 254      E78B238C 
 254      828D83C0 
 255 0867 00       		.string	""
 256 0868 00       		.string	""
 257 0869 00       		.string	""
 258 086a 90E68BEB 		.string	"\220\346\213\353\360\220\340"
 258      F090E000 
 259 0872 EE2CF0EF 		.string	"\356,\360\357=\243\360\220\340\002\340\374\243\340\375\220\340\002\354\303\236\360\355\23
 259      3DA3F090 
 259      E002E0FC 
 259      A3E0FD90 
 259      E002ECC3 
 260 08a3 90E6BAE0 		.string	"\220\346\272\340\375|"
 260      FD7C00
 261 08aa 90E004ED 		.string	"\220\340\004\355O\360\354N\243\360\220\346\277\340\376\177"
 261      4FF0EC4E 
 261      A3F090E6 
 261      BFE0FE7F 
 261      00
 262 08bb 90E6BEE0 		.string	"\220\346\276\340\375|"
 262      FD7C00
 263 08c2 90E006ED 		.string	"\220\340\006\355O\360\354N\243\360\220\340\006\340\376\243\340\377N`b\220\346\213\344\360
 263      4FF0EC4E 
 263      A3F090E0 
 263      06E0FEA3 
 263      E0FF4E60 
 264 08eb 90E6BCE0 		.string	"\220\346\274\340$\377\222\b\220\340\004\340\374\243\340\375\217&u'@u(\347\214\202\215\203
 264      24FF9208 
 264      90E004E0 
 264      FCA3E0FD 
 264      8F267527 
 265 0940 22858208 		.string	"\"\205\202\bu\202\001\"\205\b\202\"\345\202\377p\024\255\035\256\036\257\037\215\202\216\
 265      75820122 
 265      85088222 
 265      E582FF70 
 265      14AD1DAE 
 266 0968 22E582FF 		.string	"\"\345\202\377pD\345\035p@\220\346\203\003\377\t\261t\001\360\340\377\220\346\203t O\360\
 266      7044E51D 
 266      704090E6 
 266      8303FF09 
 266      B17401F0 
 267 09b9 22AF827D 		.string	"\"\257\202}b~\n\357u\360\003\244$\026\365\202t\3405\360\365\203\340\373\243\340\374\243\3
 267      627E0AEF 
 267      75F003A4 
 267      2416F582 
 267      74E035F0 
 268 0a3f 92B2EFC3 		.string	"\222\262\357\303\023\377\356\023\376\355\023\375\354\023\374\322\263\200\341\302\263\"\34
 268      13FFEE13 
 268      FEED13FD 
 268      EC13FCD2 
 268      B380E1C2 
 269 0a8e C2B32275 		.string	"\302\263\"u\232\347u\233\200\250\202\302\263\345\234\023\222\261\322\263\023\302\263\222\
 269      9AE7759B 
 269      80A882C2 
 269      B3E59C13 
 269      92B1D2B3 
 270 0b37 C2B3F582 		.string	"\302\263\365\202\"\217\202\"\257\202\256\203\255\360\374\220\340%\357\360\356\243\360\355
 270      228F8222 
 270      AF82AE83 
 270      ADF0FC90 
 270      E025EFF0 
 271 0b97 EF9400   		.string	"\357\224"
 272 0b9a B3E433FB 		.string	"\263\3443\373`\nx"
 272      600A7800 
 273 0ba2 79027A00 		.string	"y\002z"
 274 0ba6 7B00     		.string	"{"
 275 0ba8 80088C00 		.string	"\200\b\214"
 276 0bac 8D018E02 		.ascii	"\215\001\216\002\217\003\220\346\215\340\377u\t\200u\n\347u\013"
 276      8F0390E6 
 276      8DE0FF75 
 276      0980750A 
 276      E7750B
 277 0bbf C0750CE7 		.ascii	"\300u\f\347\220\340%\340\373\243\340\374\243\340\375\243\340"
 277      90E025E0 
 277      FBA3E0FC 
 277      A3E0FDA3 
 277      E0
 278 0bd0 FE880D89 		.ascii	"\376\210\r\211\016\344\365\017\365\020\353\265\r\016\354\265"
 278      0EE4F50F 
 278      F510EBB5 
 278      0D0EECB5 
 279 0be0 0E0AEDB5 		.ascii	"\016\n\355\265\017\006\356\265\020\002\200\003\002\r\013\350"
 279      0F06EEB5 
 279      10028003 
 279      020D0BE8 
 280 0bf0 24FFFDE9 		.ascii	"$\377\375\3514\377\376S\005\370\210\004\215\003\354\303\233\374"
 280      34FFFE53 
 280      05F88804 
 280      8D03ECC3 
 280      9BFC
 281 0c02 EEC423CD 		.ascii	"\356\304#\315"
 282 0c06 C423541F 		.string	"\304#T\037m\315T\037\315m\315\376\215\006\035\356`?\253\013\256\f\205\t\202\205\n\203\340
 282      6DCD541F 
 282      CD6DCDFE 
 282      8D061DEE 
 282      603FAB0B 
 283 0d07 120B24AC 		.string	"\022\013$\254\202\320"
 283      82D000
 284 0d0e D005D006 		.string	"\320\005\320\006\320\007\215\202\216\203\354\360\005\013\344\265\013\303\005\f\200\277\22
 284      D0078D82 
 284      8E83ECF0 
 284      050BE4B5 
 284      0BC3050C 
 285 0d91 EF9400   		.string	"\357\224"
 286 0d94 B3E433FB 		.string	"\263\3443\373`\nx"
 286      600A7800 
 287 0d9c 79027A00 		.string	"y\002z"
 288 0da0 7B00     		.string	"{"
 289 0da2 80088C00 		.string	"\200\b\214"
 290 0da6 8D018E02 		.ascii	"\215\001\216\002\217\003\220\346\215\340\220\340%\340\374\243"
 290      8F0390E6 
 290      8DE090E0 
 290      25E0FCA3 
 291 0db6 E0FDA3E0 		.ascii	"\340\375\243\340\376"
 291      FE
 292 0dbb A3E0FF88 		.string	"\243\340\377\210\021\211\022\344\365\023\365\024\354\265\021\016\355\265\022\n\356\265\02
 292      118912E4 
 292      F513F514 
 292      ECB5110E 
 292      EDB5120A 
 293 0ebc EF139203 		.string	"\357\023\222\003\220\340%\340\373\243\340\374\243\340\375\243\340\376\353LMNp\003\002\020
 293      90E025E0 
 293      FBA3E0FC 
 293      A3E0FDA3 
 293      E0FEEB4C 
 294 0ef1 EE9400   		.string	"\356\224"
 295 0ef4 B3E433FA 		.ascii	"\263\3443\372`\f\344\365\025u\026\002\365\027\365\030\200\b\213"
 295      600CE4F5 
 295      15751602 
 295      F517F518 
 295      80088B
 296 0f07 158C168D 		.ascii	"\025\214\026\215\027\216\030\255\025\256\026\215\003\356\304"
 296      178E18AD 
 296      15AE168D 
 296      03EEC4
 297 0f16 23CBC423 		.ascii	"#\313\304#T\037k\313T\037\313k\313\374\355T\007`\002t\001\374"
 297      541F6BCB 
 297      541FCB6B 
 297      CBFCED54 
 297      07600274 
 298 0f2c C007EC2B 		.ascii	"\300\007\354+\374u\013\300u\f\347\220\340%\340\370\243\340\371"
 298      FC750BC0 
 298      750CE790 
 298      E025E0F8 
 298      A3E0F9
 299 0f3f A3E0FAA3 		.ascii	"\243\340\372\243\340\377\215\025\216\026\344\365\027\365\030"
 299      E0FF8D15 
 299      8E16E4F5 
 299      17F518
 300 0f4e E8B5150E 		.ascii	"\350\265\025\016\351\265\026\n\352\265\027\006\357\265\030\002"
 300      E9B5160A 
 300      EAB51706 
 300      EFB51802 
 301 0f5e 8005D007 		.ascii	"\200\005\320\007\002\020L\320\007\355$\377\371\3564\377\372S"
 301      02104CD0 
 301      07ED24FF 
 301      F9EE34FF 
 301      FA53
 302 0f70 01F88906 		.ascii	"\001\370\211\006\355\303\236\376\352\304#\311\304#T\037i\311"
 302      EDC39EFE 
 302      EAC423C9 
 302      C423541F 
 302      69C9
 303 0f82 541FC969 		.ascii	"T\037\311i\311\372\211\005\031\355`3\252\013\255\f\217\202\300"
 303      C9FA8905 
 303      19ED6033 
 303      AA0BAD0C 
 303      8F82C0
 304 0f95 07C006C0 		.ascii	"\007\300\006\300\005\300\004\300\002\300\001"
 304      05C004C0 
 304      02C001
 305 0fa0 120B24A8 		.string	"\022\013$\250\202\320\001\320\002\320\004\320\005\320\006\320\007\212\202\215\203\350\360
 305      82D001D0 
 305      02D004D0 
 305      05D006D0 
 305      078A828D 
 306 1090 C00790E0 		.string	"\300\007\220\340%\340\373\243\340\374\243\340\375\243\340\376\353$\377\370\3544\377\371\3
 306      25E0FBA3 
 306      E0FCA3E0 
 306      FDA3E0FE 
 306      EB24FFF8 
 307 10b2 F8880690 		.string	"\370\210\006\220\340\021\353\303\236\360\210\031\351\304#\305\031\304#T\037e\031\305\031T
 307      E011EBC3 
 307      9EF08819 
 307      E9C423C5 
 307      19C42354 
 308 119b 7900     		.string	"y"
 309 119d 7A00     		.string	"z"
 310 119f 7F00     		.string	"\177"
 311 11a1 90E025EB 		.string	"\220\340%\353\303\230\360\354\231\243\360\355\232\243\360\356\237\243\360\200\233\220\340
 311      C398F0EC 
 311      99A3F0ED 
 311      9AA3F0EE 
 311      9FA3F080 
 312 11ed EE9400   		.string	"\356\224"
 313 11f0 EF9400   		.string	"\357\224"
 314 11f3 B3E433FB 		.string	"\263\3443\373`\nx@y"
 314      600A7840 
 314      7900
 315 11fd 7A00     		.string	"z"
 316 11ff 7B00     		.string	"{"
 317 1201 80088C00 		.string	"\200\b\214"
 318 1205 8D018E02 		.string	"\215\001\216\002\217\003u\013\300u\f\347\210\007\357`-\255\013\256\fu\202"
 318      8F03750B 
 318      C0750CE7 
 318      8807EF60 
 318      2DAD0BAE 
 319 121d C007C006 		.string	"\300\007\300\006\300\005\300"
 319      C005C000 
 320 1225 120B24AC 		.string	"\022\013$\254\202\320"
 320      82D000
 321 122c D005D006 		.string	"\320\005\320\006\320\007\215\202\216\203\354\360\005\013\344\265\013\002\005\f\037\200\32
 321      D0078D82 
 321      8E83ECF0 
 321      050BE4B5 
 321      0B02050C 
 322 1258 7A00     		.string	"z"
 323 125a 7B00     		.string	"{"
 324 125c 90E025EC 		.string	"\220\340%\354\303\230\360\355\231\243\360\356\232\243\360\357\233\243\360\002\021\354\220
 324      C398F0ED 
 324      99A3F0EE 
 324      9AA3F0EF 
 324      9BA3F002 
 325 12c4 00       		.string	""
 326 12c5 00       		.string	""
 327 12c6 00       		.string	""
 328 12c7 00       		.string	""
 329 12c8 00       		.string	""
 330 12c9 00       		.string	""
 331 12ca 00       		.string	""
 332 12cb 00       		.string	""
 333 12cc 00       		.string	""
 334 12cd 00       		.string	""
 335 12ce C2B300   		.string	"\302\263"
 336 12d1 00       		.string	""
 337 12d2 00       		.string	""
 338 12d3 00       		.string	""
 339 12d4 00       		.string	""
 340 12d5 00       		.string	""
 341 12d6 1ABAFFE7 		.string	"\032\272\377\347\033\273\377\343\034\274\377\337\035\275\377\333\"\220\346x\340\3770\340\
 341      1BBBFFE3 
 341      1CBCFFDF 
 341      1DBDFFDB 
 341      2290E678 
 342 138b AD237E00 		.string	"\255#~"
 343 138f 1DBDFF01 		.string	"\035\275\377\001\036\217\003|"
 343      1E8F037C 
 343      00
 344 1398 C3EB9DEC 		.string	"\303\353\235\354d\200\216\360c\360\200\225\360P\037\357%$\375\3445%\376\220\346y\340\215\
 344      64808EF0 
 344      63F08095 
 344      F0501FEF 
 344      2524FDE4 
 345 145e C3EC9526 		.string	"\303\354\225&P*\216\202\217\203\340\373\243\256\202\257\203\220\346y\353\360\300\007\300\
 345      502A8E82 
 345      8F83E0FB 
 345      A3AE82AF 
 345      8390E679 
 346 14d3 D2E890E6 		.string	"\322\350\220\346h\340D\b\360\220\346\\\340D\001\360\220\346\\\340D\020\360\220\346\\\340D
 346      68E04408 
 346      F090E65C 
 346      E04401F0 
 346      90E65CE0 
 347 1536 D209AF91 		.string	"\322\t\257\221t\357_\365\221\220\346]t\001\360\320\320\320\007\320\203\320\202\320\3402\3
 347      74EF5FF5 
 347      9190E65D 
 347      7401F0D0 
 347      D0D007D0 
 348 156a C0D075D0 		.string	"\300\320u\320"
 348      00
 349 156f 758200   		.string	"u\202"
 350 1572 121939AF 		.string	"\022\0319\257\221t\357_\365\221\220\346\003\377\025\256]t\020\360\320\320\320"
 350      9174EF5F 
 350      F59190E6 
 350      03FF15AE 
 350      5D7410F0 
 351 158a D001D002 		.string	"\320\001\320\002\320\003\320\004\320\005\320\006\320\007\320\203\320\202\320\360\320\340\
 351      D003D004 
 351      D005D006 
 351      D007D083 
 351      D082D0F0 
 352 15bd C0D075D0 		.string	"\300\320u\320"
 352      00
 353 15c2 75820112 		.string	"u\202\001\022\0319\257\221t\357_\365\221\220\346]t \360\320\320\320"
 353      1939AF91 
 353      74EF5FF5 
 353      9190E65D 
 353      7420F0D0 
 354 15d9 D001D002 		.string	"\320\001\320\002\320\003\320\004\320\005\320\006\320\007\320\203\320\202\320\360\320\340\
 354      D003D004 
 354      D005D006 
 354      D007D083 
 354      D082D0F0 
 355 15ff D20AAF91 		.string	"\322\n\257\221t\357_\365\221\220\346]t\b\360\320\320\320\007\320\203\320\202\320\34022222
 355      74EF5FF5 
 355      9190E65D 
 355      7408F0D0 
 355      D0D007D0 
 356 16d5 751F408F 		.ascii	"u\037@\217\202\022\t\210\345\202p\n\220\346\240\340\377D\001"
 356      82120988 
 356      E582700A 
 356      90E6A0E0 
 356      FF4401
 357 16e8 F0804690 		.ascii	"\360\200F\220\347@\345)\360\220\346\212\344\360\220\346\213t"
 357      E740E529 
 357      F090E68A 
 357      E4F090E6 
 357      8B74
 358 16fa 01F08033 		.ascii	"\001\360\2003\220\346\274\340\377\220\346\272\340\365\035\217"
 358      90E6BCE0 
 358      FF90E6BA 
 358      E0F51D8F 
 359 170a 821209A5 		.ascii	"\202\022\t\245\345\202p\037\220\346\240\340\377D\001\360\200"
 359      E582701F 
 359      90E6A0E0 
 359      FF4401F0 
 359      80
 360 171b 1590E6B9 		.ascii	"\025\220\346\271\340\365\202\022\005\252\345\202p\b\220\346\240"
 360      E0F58212 
 360      05AAE582 
 360      700890E6 
 360      A0
 361 172c E0FF4401 		.ascii	"\340\377D\001\360\220\346\240\340D\200\360\"\257\202\217\006"
 361      F090E6A0 
 361      E04480F0 
 361      22AF828F 
 361      06
 362 173d 53067FEE 		.ascii	"S\006\177\356$\367P\003\002\027\273\356$\n\203\365\202\356$\r"
 362      24F75003 
 362      0217BBEE 
 362      240A83F5 
 362      82EE240D 
 363 1751 83F583E4 		.ascii	"\203\365\203\344s\224\230\253\273\257\273\263\273\267\027\027"
 363      739498AB 
 363      BBAFBBB3 
 363      BBB71717 
 364 1761 17171717 		.ascii	"\027\027\027\027\027\027\027\220\346\240\"\3570\347\006"
 364      17171790 
 364      E6A022EF 
 364      30E706
 365 1770 7EA27FE6 		.string	"~\242\177\346\200\004~\241\177\346\216\202\217\203\"\220\346\243\"\220\346\244\"\220\346\
 365      80047EA1 
 365      7FE68E82 
 365      8F832290 
 365      E6A32290 
 366 1791 00       		.string	""
 367 1792 2290E6B8 		.string	"\"\220\346\270\340\377\277\200\002\200\037\277\201\002\200\005\277\202o\2004\220\347@\344
 367      E0FFBF80 
 367      02801FBF 
 367      81028005 
 367      BF826F80 
 368 17fe 90E740EF 		.string	"\220\347@\357\360\220\347A\344\360\220\346\212\360\220\346\213t\002\360\200\004u\202"
 368      F090E741 
 368      E4F090E6 
 368      8AF090E6 
 368      8B7402F0 
 369 1817 22758201 		.string	"\"u\202\001\"\220\346\270\340\377`\005\277\002W\200\021\220\346\272\340\377\277\001\005u+
 369      2290E6B8 
 369      E0FF6005 
 369      BF025780 
 369      1190E6BA 
 370 1833 80517582 		.string	"\200Qu\202"
 370      00
 371 1838 2290E6BA 		.string	"\"\220\346\272\340p:\220\346\274\340\365\202\022\027e\256\202\257\203\340\375S\005\376\21
 371      E0703A90 
 371      E6BCE0F5 
 371      82121765 
 371      AE82AF83 
 372 187c 2290E6B9 		.string	"\"\220\346\271\340\365\202\002\005\252u\202\001\"\220\346\270\340\377`\005\277\002l\200\0
 372      E0F58202 
 372      05AA7582 
 372      012290E6 
 372      B8E0FF60 
 373 18b0 2290E6BA 		.string	"\"\220\346\272\340pE\220\346\274\340\365\202\022\027e\256\202\257\203\356Op\003\365\202\"
 373      E0704590 
 373      E6BCE0F5 
 373      82121765 
 373      AE82AF83 
 374 18ff 2290E6B9 		.string	"\"\220\346\271\340\365\202\002\005\252u\202\001\"\257\202\322\013\020\257\002\302\013\357
 374      E0F58202 
 374      05AA7582 
 374      0122AF82 
 374      D20B10AF 
 375 195d 7F1E8F06 		.string	"\177\036\217\006\220\346\263\356\360~"
 375      90E6B3EE 
 375      F07E00
 376 1968 7F1E90E6 		.string	"\177\036\220\346\264\356\360\"\257-\220\346\263\357\360\256,\220\346\264\356\360\"~d\002E
 376      B4EEF022 
 376      AF2D90E6 
 376      B3EFF0AE 
 376      2C90E6B4 
 377 1991 8B020BEA 		.string	"\213\002\013\352\265\035\002\200B\216"
 377      B51D0280 
 377      428E00
 378 199c 8D018F02 		.string	"\215\001\217\002\216\202\215\203\217\360\022\032\327(\370\3449\371\210\006\211\005\212\00
 378      8E828D83 
 378      8FF0121A 
 378      D728F8E4 
 378      39F98806 
 379 19ce 7D00     		.string	"}"
 380 19d0 7F00     		.string	"\177"
 381 19d2 EE4D6006 		.string	"\356M`\006\303\345\035\233P\265\356M`\r\215\007\220\346\263\357\360\220\346\264\356\360\"
 381      C3E51D9B 
 381      50B5EE4D 
 381      600D8D07 
 381      90E6B3EF 
 382 1a37 2280FEF2 		.string	"\"\200\376\362\200\365\360\"222222222222222222222222\256\202\257\203\220\346"
 382      80F5F022 
 382      32323232 
 382      32323232 
 382      32323232 
 383 1a5e E05418C4 		.string	"\340T\030\304#T\037\375\264\001"
 383      23541FFD 
 383      B40100
 384 1a69 E433FD60 		.string	"\3443\375`\006|\261}"
 384      067CB17D 
 384      00
 385 1a72 801C90E6 		.string	"\200\034\220\346"
 385      00
 386 1a77 E05418C4 		.string	"\340T\030\304#T\037\373\273\001\006za{\001\200\004z\302{\002\212\004\213\005\214\035\215\
 386      23541FFB 
 386      BB01067A 
 386      617B0180 
 386      047AC27B 
 387 1ac2 22E280F7 		.string	"\"\342\200\367\344\223\"\340\"2u\202"
 387      E49322E0 
 387      22327582 
 387      00
 388 1acf 22BA00   		.string	"\"\272"
 389 1ad2 00       		.string	""
 390 1ad3 00       		.string	""
 391 1ad4 C700     		.string	"\307"
 392 1ad6 D000     		.string	"\320"
 393 1ad8 D900     		.string	"\331"
 394 1ada E200     		.string	"\342"
 395 1adc EB00     		.string	"\353"
 396 1ade F400     		.string	"\364"
 397 1ae0 FD00     		.string	"\375"
 398 1ae2 06017A02 		.string	"\006\001z\002\273\005"
 398      BB0500
 399 1ae9 00       		.string	""
 400 1aea 2F00     		.string	"/"
 401 1aec 3600     		.string	"6"
 402 1aee 3D00     		.string	"="
 403 1af0 4400     		.string	"D"
 404 1af2 4B00     		.string	"K"
 405 1af4 5200     		.string	"R"
 406 1af6 5900     		.string	"Y"
 407 1af8 6000     		.string	"`"
 408 1afa 7500     		.string	"u"
 409 1afc 7C00     		.string	"|"
 410 1afe 8300     		.string	"\203"
 411 1b00 8A00     		.string	"\212"
 412 1b02 9100     		.string	"\221"
 413 1b04 9800     		.string	"\230"
 414 1b06 9F00     		.string	"\237"
 415 1b08 A600     		.string	"\246"
 416 1b0a CA00     		.string	"\312"
 417 1b0c D300     		.string	"\323"
 418 1b0e DC00     		.string	"\334"
 419 1b10 E500     		.string	"\345"
 420 1b12 EE00     		.string	"\356"
 421 1b14 F700     		.string	"\367"
 422 1b16 00       		.string	""
 423 1b17 01090170 		.string	"\001\t\001p\002.\004\241\005\374\006"
 423      022E04A1 
 423      05FC0600 
 424 1b23 00       		.string	""
 425 1b24 1600     		.string	"\026"
 426 1b26 66022404 		.string	"f\002$\004\271\005\022\007"
 426      B9051207 
 426      00
 427 1b2f 00       		.string	""
 428 1b30 1000     		.string	"\020"
 429 1b32 2500     		.string	"%"
 430 1b34 2900     		.string	")"
 431 1b36 3100     		.string	"1"
 432 1b38 3400     		.string	"4"
 433 1b3a 3800     		.string	"8"
 434 1b3c 3B00     		.string	";"
 435 1b3e 3F00     		.string	"?"
 436 1b40 4200     		.string	"B"
 437 1b42 4600     		.string	"F"
 438 1b44 4900     		.string	"I"
 439 1b46 4D00     		.string	"M"
 440 1b48 5000     		.string	"P"
 441 1b4a 5400     		.string	"T"
 442 1b4c 5700     		.string	"W"
 443 1b4e 5B00     		.string	"["
 444 1b50 5E00     		.string	"^"
 445 1b52 6200     		.string	"b"
 446 1b54 6500     		.string	"e"
 447 1b56 7000     		.string	"p"
 448 1b58 7700     		.string	"w"
 449 1b5a 7A00     		.string	"z"
 450 1b5c 7E00     		.string	"~"
 451 1b5e 8100     		.string	"\201"
 452 1b60 8500     		.string	"\205"
 453 1b62 8800     		.string	"\210"
 454 1b64 8C00     		.string	"\214"
 455 1b66 8F00     		.string	"\217"
 456 1b68 9300     		.string	"\223"
 457 1b6a 9600     		.string	"\226"
 458 1b6c 9A00     		.string	"\232"
 459 1b6e 9D00     		.string	"\235"
 460 1b70 A100     		.string	"\241"
 461 1b72 A400     		.string	"\244"
 462 1b74 A800     		.string	"\250"
 463 1b76 AC00     		.string	"\254"
 464 1b78 B700     		.string	"\267"
 465 1b7a BC00     		.string	"\274"
 466 1b7c C000     		.string	"\300"
 467 1b7e CC00     		.string	"\314"
 468 1b80 CE00     		.string	"\316"
 469 1b82 D500     		.string	"\325"
 470 1b84 D700     		.string	"\327"
 471 1b86 DE00     		.string	"\336"
 472 1b88 E000     		.string	"\340"
 473 1b8a E700     		.string	"\347"
 474 1b8c E900     		.string	"\351"
 475 1b8e F000     		.string	"\360"
 476 1b90 F200     		.string	"\362"
 477 1b92 F900     		.string	"\371"
 478 1b94 FB00     		.string	"\373"
 479 1b96 02010401 		.string	"\002\001\004\001\013\001\016\001\211\002\213\0027\0049\004\312\005\314\005\024\007\026\00
 479      0B010E01 
 479      89028B02 
 479      37043904 
 479      CA05CC05 
 480 1bb3 00       		.string	""
 481 1bb4 00       		.string	""
 482 1bb5 FC1A8012 		.string	"\374\032\200\022\033\200L\033\200X\033\200\370\032\200"
 482      1B804C1B 
 482      80581B80 
 482      F81A8000 
 483 1bc5 00       		.string	""
 484 1bc6 00       		.string	""
 485 1bc7 00       		.string	""
 486 1bc8 00       		.string	""
 487 1bc9 00       		.string	""
 488 1bca 00       		.string	""
 489 1bcb AA1E00   		.string	"\252\036"
 490 1bce 120100   		.string	"\022\001"
 491 1bd1 0200     		.string	"\002"
 492 1bd3 00       		.string	""
 493 1bd4 00       		.string	""
 494 1bd5 40501D2B 		.string	"@P\035+`\002"
 494      600200
 495 1bdc 010200   		.string	"\001\002"
 496 1bdf 0109022E 		.string	"\001\t\002."
 496      00
 497 1be4 010100   		.string	"\001\001"
 498 1be7 80FA0904 		.string	"\200\372\t\004"
 498      00
 499 1bec 00       		.string	""
 500 1bed 04FF00   		.string	"\004\377"
 501 1bf0 00       		.string	""
 502 1bf1 00       		.string	""
 503 1bf2 07050102 		.string	"\007\005\001\002"
 503      00
 504 1bf7 0200     		.string	"\002"
 505 1bf9 07058102 		.string	"\007\005\201\002"
 505      00
 506 1bfe 0200     		.string	"\002"
 507 1c00 07050202 		.string	"\007\005\002\002"
 507      00
 508 1c05 0200     		.string	"\002"
 509 1c07 07058602 		.string	"\007\005\206\002"
 509      00
 510 1c0c 0200     		.string	"\002"
 511 1c0e 0A0600   		.string	"\n\006"
 512 1c11 0200     		.string	"\002"
 513 1c13 00       		.string	""
 514 1c14 00       		.string	""
 515 1c15 400100   		.string	"@\001"
 516 1c18 09021900 		.string	"\t\002\031"
 517 1c1c 010100   		.string	"\001\001"
 518 1c1f 80320904 		.string	"\2002\t\004"
 518      00
 519 1c24 00       		.string	""
 520 1c25 01FFFFFF 		.string	"\001\377\377\377"
 520      00
 521 1c2a 07050602 		.string	"\007\005\006\002"
 521      00
 522 1c2f 0200     		.string	"\002"
 523 1c31 00       		.string	""
 524 1c32 04030904 		.string	"\004\003\t\004\024\003M"
 524      14034D00 
 525 1c3a 6100     		.string	"a"
 526 1c3c 6B00     		.string	"k"
 527 1c3e 6500     		.string	"e"
 528 1c40 5300     		.string	"S"
 529 1c42 7400     		.string	"t"
 530 1c44 7500     		.string	"u"
 531 1c46 6600     		.string	"f"
 532 1c48 6600     		.string	"f"
 533 1c4a 2C034600 		.string	",\003F"
 534 1c4e 5000     		.string	"P"
 535 1c50 4700     		.string	"G"
 536 1c52 4100     		.string	"A"
 537 1c54 4C00     		.string	"L"
 538 1c56 6900     		.string	"i"
 539 1c58 6E00     		.string	"n"
 540 1c5a 6B00     		.string	"k"
 541 1c5c 2F00     		.string	"/"
 542 1c5e 4600     		.string	"F"
 543 1c60 5800     		.string	"X"
 544 1c62 3200     		.string	"2"
 545 1c64 2000     		.string	" "
 546 1c66 3200     		.string	"2"
 547 1c68 3000     		.string	"0"
 548 1c6a 3100     		.string	"1"
 549 1c6c 3400     		.string	"4"
 550 1c6e 3000     		.string	"0"
 551 1c70 3300     		.string	"3"
 552 1c72 3100     		.string	"1"
 553 1c74 3100     		.string	"1"
 554 1c76 00       		.string	""
 555 1c77 00       		.string	""
 556 1c78 00       		.string	""
 557 1c79 B81F00   		.string	"\270\037"
 558 1c7c 02155900 		.string	"\002\025Y"
 559 1c80 021A4B00 		.string	"\002\032K"
 560 1c84 02164800 		.string	"\002\026H"
 561 1c88 02161E00 		.string	"\002\026\036"
 562 1c8c 02158000 		.string	"\002\025\200"
 563 1c90 0215CF00 		.string	"\002\025\317"
 564 1c94 02164500 		.string	"\002\026E"
 565 1c98 021A7400 		.string	"\002\032t"
 566 1c9c 021A7500 		.string	"\002\032u"
 567 1ca0 021A7600 		.string	"\002\032v"
 568 1ca4 021A7700 		.string	"\002\032w"
 569 1ca8 021A7A00 		.string	"\002\032z"
 570 1cac 021A4A00 		.string	"\002\032J"
 571 1cb0 021A6700 		.string	"\002\032g"
 572 1cb4 021A6800 		.string	"\002\032h"
 573 1cb8 021A6A00 		.string	"\002\032j"
 574 1cbc 02164A00 		.string	"\002\026J"
 575 1cc0 021A7400 		.string	"\002\032t"
 576 1cc4 021AF300 		.string	"\002\032\363"
 577 1cc8 02164600 		.string	"\002\026F"
 578 1ccc 02164700 		.string	"\002\026G"
 579 1cd0 02164900 		.string	"\002\026I"
 580 1cd4 02164B00 		.string	"\002\026K"
 581 1cd8 02164C00 		.string	"\002\026L"
 582 1cdc 021AD600 		.string	"\002\032\326"
 583 1ce0 021A7400 		.string	"\002\032t"
 584 1ce4 021A7400 		.string	"\002\032t"
 585 1ce8 021A7400 		.string	"\002\032t"
 586 1cec 021A7300 		.string	"\002\032s"
 587 1cf0 021A7800 		.string	"\002\032x"
 588 1cf4 021A7B00 		.string	"\002\032{"
 589 1cf8 021A7D00 		.string	"\002\032}"
 590 1cfc 021A7900 		.string	"\002\032y"
 591 1d00 021A7C00 		.string	"\002\032|"
 592 1d04 021A7E00 		.string	"\002\032~"
 593 1d08 021AD500 		.string	"\002\032\325"
 594 1d0c 021A6B00 		.string	"\002\032k"
 595 1d10 021A6D00 		.string	"\002\032m"
 596 1d14 021A6F00 		.string	"\002\032o"
 597 1d18 021A7100 		.string	"\002\032q"
 598 1d1c 021A6C00 		.string	"\002\032l"
 599 1d20 021A6E00 		.string	"\002\032n"
 600 1d24 021A7000 		.string	"\002\032p"
 601 1d28 021A7200 		.string	"\002\032r"
 602 1d2c 021A6900 		.string	"\002\032i"
 603 1d30 021A4900 		.string	"\002\032I"
 604 1d34 8001E600 		.string	"\200\001\346"
 605 1d38 00       		.string	""
 606              		.globl	eepromNoBootFirmware
 607              		.section	.data.rel.ro.local,"aw"
 608              		.align 16
 611              	eepromNoBootFirmware:
 612 0000 00000000 		.quad	data
 612      00000000 
 615 000c 00000000 		.zero	4
 616              		.text
 617              	.Letext0:
 618              		.file 1 "/home/pong/FPGALink/makestuff/common/makestuff.h"
 619              		.file 2 "gen_fw/../firmware.h"
 620              		.file 3 "gen_fw/eepromNoBootFirmware.c"
 999              		.section	.note.gnu.property,"a"
 1000              		.align 8
 1001 0000 04000000 		.long	1f - 0f
 1002 0004 10000000 		.long	4f - 1f
 1003 0008 05000000 		.long	5
 1004              	0:
 1005 000c 474E5500 		.string	"GNU"
 1006              	1:
 1007              		.align 8
 1008 0010 020000C0 		.long	0xc0000002
 1009 0014 04000000 		.long	3f - 2f
 1010              	2:
 1011 0018 03000000 		.long	0x3
 1012              	3:
 1013 001c 00000000 		.align 8
 1014              	4:
DEFINED SYMBOLS
                            *ABS*:0000000000000000 eepromNoBootFirmware.c
     /tmp/ccTwv0US.s:9      .rodata:0000000000000000 data
     /tmp/ccTwv0US.s:611    .data.rel.ro.local:0000000000000000 eepromNoBootFirmware

NO UNDEFINED SYMBOLS
