   1              		.file	"MemoryOutStream.cpp"
   2              		.text
   3              		.section	.text.unlikely,"ax",@progbits
   4              		.align 2
   5              	.LCOLDB0:
   6              		.text
   7              	.LHOTB0:
   8              		.align 2
   9              		.p2align 4
  10              		.globl	_ZNK8UnitTest15MemoryOutStream7GetTextEv
  12              	_ZNK8UnitTest15MemoryOutStream7GetTextEv:
  13              	.LFB1156:
  14              		.cfi_startproc
  15              		.cfi_personality 0x9b,DW.ref.__gxx_personality_v0
  16              		.cfi_lsda 0x1b,.LLSDA1156
  17 0000 F30F1EFA 		endbr64
  18 0004 4154     		pushq	%r12
  19              		.cfi_def_cfa_offset 16
  20              		.cfi_offset 12, -16
  21 0006 55       		pushq	%rbp
  22              		.cfi_def_cfa_offset 24
  23              		.cfi_offset 6, -24
  24 0007 53       		pushq	%rbx
  25              		.cfi_def_cfa_offset 32
  26              		.cfi_offset 3, -32
  27 0008 4889FB   		movq	%rdi, %rbx
  28 000b 4883EC30 		subq	$48, %rsp
  29              		.cfi_def_cfa_offset 80
  30 000f 64488B04 		movq	%fs:40, %rax
  30      25280000 
  30      00
  31 0018 48894424 		movq	%rax, 40(%rsp)
  31      28
  32 001d 31C0     		xorl	%eax, %eax
  33 001f 488B4730 		movq	48(%rdi), %rax
  34 0023 488D6C24 		leaq	16(%rsp), %rbp
  34      10
  35 0028 C6442410 		movb	$0, 16(%rsp)
  35      00
  36 002d 48892C24 		movq	%rbp, (%rsp)
  37 0031 4989E4   		movq	%rsp, %r12
  38 0034 48C74424 		movq	$0, 8(%rsp)
  38      08000000 
  38      00
  39 003d 4885C0   		testq	%rax, %rax
  40 0040 7466     		je	.L2
  41 0042 4C8B4720 		movq	32(%rdi), %r8
  42 0046 4D85C0   		testq	%r8, %r8
  43 0049 7455     		je	.L15
  44 004b 4C39C0   		cmpq	%r8, %rax
  45 004e 7750     		ja	.L15
  46              	.L3:
  47 0050 488B4B28 		movq	40(%rbx), %rcx
  48 0054 31D2     		xorl	%edx, %edx
  49 0056 31F6     		xorl	%esi, %esi
  50 0058 4C89E7   		movq	%r12, %rdi
  51 005b 4929C8   		subq	%rcx, %r8
  52              	.LEHB0:
  53 005e E8000000 		call	_ZNSt7__cxx1112basic_stringIcSt11char_traitsIcESaIcEE10_M_replaceEmmPKcm@PLT
  53      00
  54              	.LEHE0:
  55              	.L6:
  56 0063 488D7B70 		leaq	112(%rbx), %rdi
  57 0067 4C89E6   		movq	%r12, %rsi
  58              	.LEHB1:
  59 006a E8000000 		call	_ZNSt7__cxx1112basic_stringIcSt11char_traitsIcESaIcEE9_M_assignERKS4_@PLT
  59      00
  60              	.LEHE1:
  61 006f 488B3C24 		movq	(%rsp), %rdi
  62 0073 4839EF   		cmpq	%rbp, %rdi
  63 0076 7405     		je	.L9
  64 0078 E8000000 		call	_ZdlPv@PLT
  64      00
  65              	.L9:
  66 007d 488B4370 		movq	112(%rbx), %rax
  67 0081 488B5424 		movq	40(%rsp), %rdx
  67      28
  68 0086 64482B14 		subq	%fs:40, %rdx
  68      25280000 
  68      00
  69 008f 7525     		jne	.L23
  70 0091 4883C430 		addq	$48, %rsp
  71              		.cfi_remember_state
  72              		.cfi_def_cfa_offset 32
  73 0095 5B       		popq	%rbx
  74              		.cfi_def_cfa_offset 24
  75 0096 5D       		popq	%rbp
  76              		.cfi_def_cfa_offset 16
  77 0097 415C     		popq	%r12
  78              		.cfi_def_cfa_offset 8
  79 0099 C3       		ret
  80 009a 660F1F44 		.p2align 4,,10
  80      0000
  81              		.p2align 3
  82              	.L15:
  83              		.cfi_restore_state
  84 00a0 4989C0   		movq	%rax, %r8
  85 00a3 EBAB     		jmp	.L3
  86              		.p2align 4,,10
  87 00a5 0F1F00   		.p2align 3
  88              	.L2:
  89 00a8 488D7750 		leaq	80(%rdi), %rsi
  90 00ac 4C89E7   		movq	%r12, %rdi
  91              	.LEHB2:
  92 00af E8000000 		call	_ZNSt7__cxx1112basic_stringIcSt11char_traitsIcESaIcEE9_M_assignERKS4_@PLT
  92      00
  93              	.LEHE2:
  94 00b4 EBAD     		jmp	.L6
  95              	.L23:
  96 00b6 E8000000 		call	__stack_chk_fail@PLT
  96      00
  97              	.L13:
  98 00bb F30F1EFA 		endbr64
  99 00bf 4989C4   		movq	%rax, %r12
 100 00c2 E9000000 		jmp	.L10
 100      00
 101              	.L14:
 102 00c7 F30F1EFA 		endbr64
 103 00cb 4989C4   		movq	%rax, %r12
 104 00ce E9000000 		jmp	.L7
 104      00
 105              		.globl	__gxx_personality_v0
 106              		.section	.gcc_except_table,"a",@progbits
 107              	.LLSDA1156:
 108 0000 FF       		.byte	0xff
 109 0001 FF       		.byte	0xff
 110 0002 01       		.byte	0x1
 111 0003 10       		.uleb128 .LLSDACSE1156-.LLSDACSB1156
 112              	.LLSDACSB1156:
 113 0004 5E       		.uleb128 .LEHB0-.LFB1156
 114 0005 05       		.uleb128 .LEHE0-.LEHB0
 115 0006 C701     		.uleb128 .L14-.LFB1156
 116 0008 00       		.uleb128 0
 117 0009 6A       		.uleb128 .LEHB1-.LFB1156
 118 000a 05       		.uleb128 .LEHE1-.LEHB1
 119 000b BB01     		.uleb128 .L13-.LFB1156
 120 000d 00       		.uleb128 0
 121 000e AF01     		.uleb128 .LEHB2-.LFB1156
 122 0010 05       		.uleb128 .LEHE2-.LEHB2
 123 0011 C701     		.uleb128 .L14-.LFB1156
 124 0013 00       		.uleb128 0
 125              	.LLSDACSE1156:
 126              		.text
 127              		.cfi_endproc
 128              		.section	.text.unlikely
 129              		.cfi_startproc
 130              		.cfi_personality 0x9b,DW.ref.__gxx_personality_v0
 131              		.cfi_lsda 0x1b,.LLSDAC1156
 133              	_ZNK8UnitTest15MemoryOutStream7GetTextEv.cold:
 134              	.LFSB1156:
 135              	.L10:
 136              		.cfi_def_cfa_offset 80
 137              		.cfi_offset 3, -32
 138              		.cfi_offset 6, -24
 139              		.cfi_offset 12, -16
 140 0000 488B3C24 		movq	(%rsp), %rdi
 141 0004 4839EF   		cmpq	%rbp, %rdi
 142 0007 7405     		je	.L11
 143 0009 E8000000 		call	_ZdlPv@PLT
 143      00
 144              	.L11:
 145 000e 4C89E7   		movq	%r12, %rdi
 146              	.LEHB3:
 147 0011 E8000000 		call	_Unwind_Resume@PLT
 147      00
 148              	.L7:
 149 0016 488B3C24 		movq	(%rsp), %rdi
 150 001a 4839EF   		cmpq	%rbp, %rdi
 151 001d 7405     		je	.L8
 152 001f E8000000 		call	_ZdlPv@PLT
 152      00
 153              	.L8:
 154 0024 4C89E7   		movq	%r12, %rdi
 155 0027 E8000000 		call	_Unwind_Resume@PLT
 155      00
 156              	.LEHE3:
 157              		.cfi_endproc
 158              	.LFE1156:
 159              		.section	.gcc_except_table
 160              	.LLSDAC1156:
 161 0014 FF       		.byte	0xff
 162 0015 FF       		.byte	0xff
 163 0016 01       		.byte	0x1
 164 0017 04       		.uleb128 .LLSDACSEC1156-.LLSDACSBC1156
 165              	.LLSDACSBC1156:
 166 0018 11       		.uleb128 .LEHB3-.LCOLDB0
 167 0019 1B       		.uleb128 .LEHE3-.LEHB3
 168 001a 00       		.uleb128 0
 169 001b 00       		.uleb128 0
 170              	.LLSDACSEC1156:
 171              		.section	.text.unlikely
 172              		.text
 174              		.section	.text.unlikely
 176              	.LCOLDE0:
 177              		.text
 178              	.LHOTE0:
 179              		.hidden	DW.ref.__gxx_personality_v0
 180              		.weak	DW.ref.__gxx_personality_v0
 181              		.section	.data.rel.local.DW.ref.__gxx_personality_v0,"awG",@progbits,DW.ref.__gxx_personality_v0,c
 182              		.align 8
 185              	DW.ref.__gxx_personality_v0:
 186 0000 00000000 		.quad	__gxx_personality_v0
 186      00000000 
 187              		.ident	"GCC: (Ubuntu 11.3.0-1ubuntu1~22.04) 11.3.0"
 188              		.section	.note.GNU-stack,"",@progbits
 189              		.section	.note.gnu.property,"a"
 190              		.align 8
 191 0000 04000000 		.long	1f - 0f
 192 0004 10000000 		.long	4f - 1f
 193 0008 05000000 		.long	5
 194              	0:
 195 000c 474E5500 		.string	"GNU"
 196              	1:
 197              		.align 8
 198 0010 020000C0 		.long	0xc0000002
 199 0014 04000000 		.long	3f - 2f
 200              	2:
 201 0018 03000000 		.long	0x3
 202              	3:
 203 001c 00000000 		.align 8
 204              	4:
DEFINED SYMBOLS
                            *ABS*:0000000000000000 MemoryOutStream.cpp
     /tmp/ccnHePJt.s:12     .text:0000000000000000 _ZNK8UnitTest15MemoryOutStream7GetTextEv
     /tmp/ccnHePJt.s:185    .data.rel.local.DW.ref.__gxx_personality_v0:0000000000000000 DW.ref.__gxx_personality_v0
     /tmp/ccnHePJt.s:133    .text.unlikely:0000000000000000 _ZNK8UnitTest15MemoryOutStream7GetTextEv.cold

UNDEFINED SYMBOLS
_ZNSt7__cxx1112basic_stringIcSt11char_traitsIcESaIcEE10_M_replaceEmmPKcm
_ZNSt7__cxx1112basic_stringIcSt11char_traitsIcESaIcEE9_M_assignERKS4_
_ZdlPv
__stack_chk_fail
__gxx_personality_v0
_Unwind_Resume
