   1              		.file	"eepromNoBootFirmware.c"
   2              		.text
   3              		.globl	eepromNoBootFirmware
   4              		.section	.data.rel.ro.local,"aw"
   5              		.align 16
   8              	eepromNoBootFirmware:
   9 0000 00000000 		.quad	data
   9      00000000 
  12 000c 00000000 		.zero	4
  13              		.section	.rodata
  14              		.align 32
  17              	data:
  18 0000 C200     		.string	"\302"
  19 0002 00       		.string	""
  20 0003 00       		.string	""
  21 0004 00       		.string	""
  22 0005 00       		.string	""
  23 0006 00       		.string	""
  24 0007 0100     		.string	"\001"
  25 0009 0400     		.string	"\004"
  26 000b 00       		.string	""
  27 000c 0201B932 		.string	"\002\001\2712"
  27      00
  28 0011 0100     		.string	"\001"
  29 0013 0B3200   		.string	"\0132"
  30 0016 0100     		.string	"\001"
  31 0018 133200   		.string	"\0232"
  32 001b 0100     		.string	"\001"
  33 001d 1B3200   		.string	"\0332"
  34 0020 0100     		.string	"\001"
  35 0022 233200   		.string	"#2"
  36 0025 0100     		.string	"\001"
  37 0027 2B3200   		.string	"+2"
  38 002a 0300     		.string	"\003"
  39 002c 33021556 		.string	"3\002\025V"
  39      00
  40 0031 0100     		.string	"\001"
  41 0033 3B3200   		.string	";2"
  42 0036 0300     		.string	"\003"
  43 0038 43021F00 		.string	"C\002\037"
  44 003c 00       		.string	""
  45 003d 0100     		.string	"\001"
  46 003f 4B3200   		.string	"K2"
  47 0042 0100     		.string	"\001"
  48 0044 533200   		.string	"S2"
  49 0047 0100     		.string	"\001"
  50 0049 5B3200   		.string	"[2"
  51 004c 0100     		.string	"\001"
  52 004e 633200   		.string	"c2"
  53 0051 0300     		.string	"\003"
  54 0053 6B021559 		.string	"k\002\025Y"
  54      00
  55 0058 0300     		.string	"\003"
  56 005a 73021A4B 		.string	"s\002\032K"
  56      00
  57 005f 0300     		.string	"\003"
  58 0061 7B021648 		.string	"{\002\026H"
  58      00
  59 0066 0300     		.string	"\003"
  60 0068 8302161E 		.string	"\203\002\026\036"
  60      00
  61 006d 0300     		.string	"\003"
  62 006f 8B021580 		.string	"\213\002\025\200"
  62      00
  63 0074 0300     		.string	"\003"
  64 0076 930215CF 		.string	"\223\002\025\317"
  64      00
  65 007b 0300     		.string	"\003"
  66 007d 9B021645 		.string	"\233\002\026E"
  66      00
  67 0082 0300     		.string	"\003"
  68 0084 A3021A75 		.string	"\243\002\032u"
  68      00
  69 0089 0300     		.string	"\003"
  70 008b AB021A76 		.string	"\253\002\032v"
  70      00
  71 0090 0300     		.string	"\003"
  72 0092 B3021A77 		.string	"\263\002\032w"
  72      00
  73 0097 0300     		.string	"\003"
  74 0099 BB021A7A 		.string	"\273\002\032z"
  74      00
  75 009e 0300     		.string	"\003"
  76 00a0 C3021A4A 		.string	"\303\002\032J"
  76      00
  77 00a5 0300     		.string	"\003"
  78 00a7 CB021A67 		.string	"\313\002\032g"
  78      00
  79 00ac 0300     		.string	"\003"
  80 00ae D3021A68 		.string	"\323\002\032h"
  80      00
  81 00b3 0300     		.string	"\003"
  82 00b5 DB021A6A 		.string	"\333\002\032j"
  82      00
  83 00ba 0300     		.string	"\003"
  84 00bc E302164A 		.string	"\343\002\026J"
  84      00
  85 00c1 0300     		.string	"\003"
  86 00c3 EB021AF3 		.string	"\353\002\032\363"
  86      00
  87 00c8 0300     		.string	"\003"
  88 00ca F3021646 		.string	"\363\002\026F"
  88      00
  89 00cf 0300     		.string	"\003"
  90 00d1 FB021647 		.string	"\373\002\026G"
  90      00
  91 00d6 03010302 		.string	"\003\001\003\002\026I"
  91      164900
  92 00dd 03010B02 		.string	"\003\001\013\002\026K"
  92      164B00
  93 00e4 03011302 		.string	"\003\001\023\002\026L"
  93      164C00
  94 00eb 03011B02 		.string	"\003\001\033\002\032\326"
  94      1AD600
  95 00f2 03012302 		.string	"\003\001#\002\032s"
  95      1A7300
  96 00f9 03012B02 		.string	"\003\001+\002\032x"
  96      1A7800
  97 0100 03013302 		.string	"\003\0013\002\032{"
  97      1A7B00
  98 0107 03013B02 		.string	"\003\001;\002\032}"
  98      1A7D00
  99 010e 03014302 		.string	"\003\001C\002\032t"
  99      1A7400
 100 0115 03014B02 		.string	"\003\001K\002\032y"
 100      1A7900
 101 011c 03015302 		.string	"\003\001S\002\032|"
 101      1A7C00
 102 0123 03015B02 		.string	"\003\001[\002\032~"
 102      1A7E00
 103 012a 03016302 		.string	"\003\001c\002\032\325"
 103      1AD500
 104 0131 03016B02 		.string	"\003\001k\002\032k"
 104      1A6B00
 105 0138 03017302 		.string	"\003\001s\002\032m"
 105      1A6D00
 106 013f 03017B02 		.string	"\003\001{\002\032o"
 106      1A6F00
 107 0146 03018302 		.string	"\003\001\203\002\032q"
 107      1A7100
 108 014d 03018B02 		.string	"\003\001\213\002\032l"
 108      1A6C00
 109 0154 03019302 		.string	"\003\001\223\002\032n"
 109      1A6E00
 110 015b 03019B02 		.string	"\003\001\233\002\032p"
 110      1A7000
 111 0162 0301A302 		.string	"\003\001\243\002\032r"
 111      1A7200
 112 0169 0301AB02 		.string	"\003\001\253\002\032i\003\377\001\263\002\032I\002\024\376u\201/\022\032\364\345\202`\003
 112      1A6903FF 
 112      01B3021A 
 112      490214FE 
 112      75812F12 
 113 018b 601B7A01 		.string	"`\033z\001\220\033\334x\025u\222\340\344\223\362\243\b\270"
 113      901BDC78 
 113      157592E0 
 113      E493F2A3 
 113      08B800
 114 019e 020592D9 		.string	"\002\005\222\331\364\332\362u\222\377\344x\377\366\330\375x"
 114      F4DAF275 
 114      92FFE478 
 114      FFF6D8FD 
 114      7800
 115 01b0 E84400   		.string	"\350D"
 116 01b3 600A7900 		.string	"`\ny"
 117 01b7 7592E0E4 		.string	"u\222\340\344\363\t\330\374x\025\350D"
 117      F309D8FC 
 117      7815E844 
 117      00
 118 01c4 600C7901 		.string	"`\fy\001\220\340"
 118      90E000
 119 01cb E4F0A3D8 		.string	"\344\360\243\330\374\331\372\302\t\302\nu*"
 119      FCD9FAC2 
 119      09C20A75 
 119      2A00
 120 01d9 752B00   		.string	"u+"
 121 01dc 752C4A75 		.string	"u,Ju-\036u.\022u/\036\002\001\266\257\202\220\346\302\344\360\277\001\007\220\346\001t\34
 121      2D1E752E 
 121      12752F1E 
 121      0201B6AF 
 121      8290E6C2 
 122 0212 00       		.string	""
 123 0213 00       		.string	""
 124 0214 00       		.string	""
 125 0215 90E602E4 		.string	"\220\346\002\344\360"
 125      F000
 126 021b 00       		.string	""
 127 021c 00       		.string	""
 128 021d 00       		.string	""
 129 021e 90E603E4 		.string	"\220\346\003\344\360"
 129      F000
 130 0224 00       		.string	""
 131 0225 00       		.string	""
 132 0226 00       		.string	""
 133 0227 90E609E4 		.string	"\220\346\t\344\360"
 133      F000
 134 022d 00       		.string	""
 135 022e 00       		.string	""
 136 022f 00       		.string	""
 137 0230 90E60B74 		.string	"\220\346\013t\003\360"
 137      03F000
 138 0237 00       		.string	""
 139 0238 00       		.string	""
 140 0239 00       		.string	""
 141 023a 90E600   		.string	"\220\346"
 142 023d 7410F000 		.string	"t\020\360"
 143 0241 00       		.string	""
 144 0242 00       		.string	""
 145 0243 00       		.string	""
 146 0244 90E60174 		.string	"\220\346\001t\340\360"
 146      E0F000
 147 024b 00       		.string	""
 148 024c 00       		.string	""
 149 024d 00       		.string	""
 150 024e 90E613E4 		.string	"\220\346\023\344\360"
 150      F000
 151 0254 00       		.string	""
 152 0255 00       		.string	""
 153 0256 00       		.string	""
 154 0257 90E615E4 		.string	"\220\346\025\344\360"
 154      F000
 155 025d 00       		.string	""
 156 025e 00       		.string	""
 157 025f 00       		.string	""
 158 0260 90E619E4 		.string	"\220\346\031\344\360"
 158      F000
 159 0266 00       		.string	""
 160 0267 00       		.string	""
 161 0268 00       		.string	""
 162 0269 90E61BE4 		.string	"\220\346\033\344\360"
 162      F000
 163 026f 00       		.string	""
 164 0270 00       		.string	""
 165 0271 00       		.string	""
 166 0272 90E61074 		.string	"\220\346\020t\240\360"
 166      A0F000
 167 0279 00       		.string	""
 168 027a 00       		.string	""
 169 027b 00       		.string	""
 170 027c 90E61174 		.string	"\220\346\021t\240\360"
 170      A0F000
 171 0283 00       		.string	""
 172 0284 00       		.string	""
 173 0285 00       		.string	""
 174 0286 90E61274 		.string	"\220\346\022t\240\360"
 174      A0F000
 175 028d 00       		.string	""
 176 028e 00       		.string	""
 177 028f 00       		.string	""
 178 0290 90E61474 		.string	"\220\346\024t\340\360"
 178      E0F000
 179 0297 00       		.string	""
 180 0298 00       		.string	""
 181 0299 00       		.string	""
 182 029a 90E60474 		.string	"\220\346\004t\200\360"
 182      80F000
 183 02a1 00       		.string	""
 184 02a2 00       		.string	""
 185 02a3 00       		.string	""
 186 02a4 90E60474 		.string	"\220\346\004t\002\360"
 186      02F000
 187 02ab 00       		.string	""
 188 02ac 00       		.string	""
 189 02ad 00       		.string	""
 190 02ae 90E60474 		.string	"\220\346\004t\006\360"
 190      06F000
 191 02b5 00       		.string	""
 192 02b6 00       		.string	""
 193 02b7 00       		.string	""
 194 02b8 90E604E4 		.string	"\220\346\004\344\360\220\346\215\360"
 194      F090E68D 
 194      F000
 195 02c2 00       		.string	""
 196 02c3 00       		.string	""
 197 02c4 00       		.string	""
 198 02c5 90E64974 		.string	"\220\346It\202\360"
 198      82F000
 199 02cc 00       		.string	""
 200 02cd 00       		.string	""
 201 02ce 00       		.string	""
 202 02cf 90E64974 		.string	"\220\346It\202\360"
 202      82F000
 203 02d6 00       		.string	""
 204 02d7 00       		.string	""
 205 02d8 00       		.string	""
 206 02d9 90E64974 		.string	"\220\346It\202\360"
 206      82F000
 207 02e0 00       		.string	""
 208 02e1 00       		.string	""
 209 02e2 00       		.string	""
 210 02e3 90E64974 		.string	"\220\346It\202\360"
 210      82F000
 211 02ea 00       		.string	""
 212 02eb 00       		.string	""
 213 02ec 00       		.string	""
 214 02ed 90E61874 		.string	"\220\346\030t\020\360"
 214      10F000
 215 02f4 00       		.string	""
 216 02f5 00       		.string	""
 217 02f6 00       		.string	""
 218 02f7 90E61A74 		.string	"\220\346\032t\b\360"
 218      08F000
 219 02fe 00       		.string	""
 220 02ff 00       		.string	""
 221 0300 00       		.string	""
 222 0301 90E62474 		.string	"\220\346$t\002\360"
 222      02F000
 223 0308 00       		.string	""
 224 0309 00       		.string	""
 225 030a 00       		.string	""
 226 030b 90E625E4 		.string	"\220\346%\344\360\220\346z\340D\001\360u\257\007u\200\377u\262"
 226      F090E67A 
 226      E04401F0 
 226      75AF0775 
 226      80FF75B2 
 227 0320 7590FF75 		.string	"u\220\377u\263"
 227      B300
 228 0326 75A0FF75 		.string	"u\240\377u\264"
 228      B400
 229 032c 75B0FF75 		.string	"u\260\377u\265"
 229      B500
 230 0332 75B1FF75 		.string	"u\261\377u\266"
 230      B600
 231 0338 220212A8 		.string	"\"\002\022\250\257\202~"
 231      AF827E00 
 232 0340 EF24FB50 		.string	"\357$\373P\003\002\005\247\357//\220\003\217s\002\003\236\002\004\007\002\004p\002\004\33
 232      030205A7 
 232      EF2F2F90 
 232      038F7302 
 232      039E0204 
 233 03c2 8F060205 		.string	"\217\006\002\005\247\345\035E\263`*\345\036`\007\345\035E\263\377\200\007\345\035\364\375
 233      A7E51D45 
 233      B3602AE5 
 233      1E6007E5 
 233      1D45B3FF 
 234 042b 8F060205 		.string	"\217\006\002\005\247\345\035E\264`*\345\036`\007\345\035E\264\377\200\007\345\035\364\375
 234      A7E51D45 
 234      B4602AE5 
 234      1E6007E5 
 234      1D45B4FF 
 235 0494 8F060205 		.string	"\217\006\002\005\247\345\035E\265`*\345\036`\007\345\035E\265\377\200\007\345\035\364\375
 235      A7E51D45 
 235      B5602AE5 
 235      1E6007E5 
 235      1D45B5FF 
 236 04fd 8F068066 		.string	"\217\006\200f\345\035E\266`*\345\036`\007\345\035E\266\377\200\007\345\035\364\375U\266\3
 236      E51D45B6 
 236      602AE51E 
 236      6007E51D 
 236      45B6FF80 
 237 0565 8F068E82 		.string	"\217\006\216\202\"\257\202\277\200\002\200'\277\003\377\005\262\201\003\002\006\213\277\2
 237      22AF82BF 
 237      80028027 
 237      BF03FF05 
 237      B2810302 
 238 05ab 90E6BAE0 		.string	"\220\346\272\340|"
 238      7C00
 239 05b1 4207EC42 		.string	"B\007\354B\006\220\346\274\340\375\357Np\b\215\202\022\002+\002\006\207u\202"
 239      0690E6BC 
 239      E0FDEF4E 
 239      70088D82 
 239      12022B02 
 240 05ca 2290E6A0 		.string	"\"\220\346\240\340\377 \341\370\220\347@tN\360\220\347AtE\360\220\347BtM\360\220\347CtI\3
 240      E0FF20E1 
 240      F890E740 
 240      744EF090 
 240      E7417445 
 241 05fb 80027F01 		.string	"\200\002\177\001\220\347E\357\360\220\347Ft\021\360\220\347Gt&\360\220\347Ht\377\360\220\
 241      90E745EF 
 241      F090E746 
 241      7411F090 
 241      E7477426 
 242 0642 00       		.string	""
 243 0643 00       		.string	""
 244 0644 00       		.string	""
 245 0645 90E68B74 		.string	"\220\346\213t\020\360u\202\001\"\220\346\270\340\377\277@\002\200\003\002\ty\220\346\213\
 245      10F07582 
 245      012290E6 
 245      B8E0FFBF 
 245      40028003 
 246 0722 2290E6A0 		.string	"\"\220\346\240\340\373 \341\370\216\360\005\360t\001\200\002%\340\325\360\373\365\035\215
 246      E0FB20E1 
 246      F88EF005 
 246      F0740180 
 246      0225E0D5 
 247 0750 00       		.string	""
 248 0751 00       		.string	""
 249 0752 00       		.string	""
 250 0753 90E68B74 		.string	"\220\346\213t\001\360u\202\001\"\220\346\270\340\377\277@\002\200\003\002\ty\220\346\274\
 250      01F07582 
 250      012290E6 
 250      B8E0FFBF 
 250      40028003 
 251 077f 501590E6 		.string	"P\025\220\346\272\340\375\356\304T\360$\200-\365\035\217\202\022\t\362\200\r\356\304T\360
 251      BAE0FDEE 
 251      C454F024 
 251      802DF51D 
 251      8F821209 
 252 07bb 90E6BAE0 		.string	"\220\346\272\340\375|"
 252      FD7C00
 253 07c2 90E000   		.string	"\220\340"
 254 07c5 ED4FF0EC 		.ascii	"\355O\360\354N\243\360\220\346\277\340"
 254      4EA3F090 
 254      E6BFE0
 255 07d0 FE7F00   		.string	"\376\177"
 256 07d3 90E6BEE0 		.string	"\220\346\276\340\375|"
 256      FD7C00
 257 07da 90E002ED 		.string	"\220\340\002\355O\360\354N\243\360\220\340\002\340\376\243\340\377Np\003\002\tu\220\346\2
 257      4FF0EC4E 
 257      A3F090E0 
 257      02E0FEA3 
 257      E0FF4E70 
 258 0809 40047E40 		.string	"@\004~@\177"
 258      7F00
 259 080f 7D00     		.string	"}"
 260 0811 8D037C00 		.string	"\215\003|"
 261 0815 C3EB9EEC 		.string	"\303\353\236\354\237P\020\355$@\365\202\3444\347\365\203t#\360\r\200\345\220\346\274\340$
 261      9F5010ED 
 261      2440F582 
 261      E434E7F5 
 261      837423F0 
 262 0837 E0FCA3E0 		.string	"\340\374\243\340\375\216\003u$@u%\347\213#\214\202\215\203\300\007\300\006\300\005\300\00
 262      FD8E0375 
 262      24407525 
 262      E78B238C 
 262      828D83C0 
 263 0867 00       		.string	""
 264 0868 00       		.string	""
 265 0869 00       		.string	""
 266 086a 90E68BEB 		.string	"\220\346\213\353\360\220\340"
 266      F090E000 
 267 0872 EE2CF0EF 		.string	"\356,\360\357=\243\360\220\340\002\340\374\243\340\375\220\340\002\354\303\236\360\355\23
 267      3DA3F090 
 267      E002E0FC 
 267      A3E0FD90 
 267      E002ECC3 
 268 08a3 90E6BAE0 		.string	"\220\346\272\340\375|"
 268      FD7C00
 269 08aa 90E004ED 		.string	"\220\340\004\355O\360\354N\243\360\220\346\277\340\376\177"
 269      4FF0EC4E 
 269      A3F090E6 
 269      BFE0FE7F 
 269      00
 270 08bb 90E6BEE0 		.string	"\220\346\276\340\375|"
 270      FD7C00
 271 08c2 90E006ED 		.string	"\220\340\006\355O\360\354N\243\360\220\340\006\340\376\243\340\377N`b\220\346\213\344\360
 271      4FF0EC4E 
 271      A3F090E0 
 271      06E0FEA3 
 271      E0FF4E60 
 272 08eb 90E6BCE0 		.string	"\220\346\274\340$\377\222\b\220\340\004\340\374\243\340\375\217&u'@u(\347\214\202\215\203
 272      24FF9208 
 272      90E004E0 
 272      FCA3E0FD 
 272      8F267527 
 273 0940 22858208 		.string	"\"\205\202\bu\202\001\"\205\b\202\"\345\202\377p\024\255\035\256\036\257\037\215\202\216\
 273      75820122 
 273      85088222 
 273      E582FF70 
 273      14AD1DAE 
 274 0968 22E582FF 		.string	"\"\345\202\377pD\345\035p@\220\346\203\003\377\t\261t\001\360\340\377\220\346\203t O\360\
 274      7044E51D 
 274      704090E6 
 274      8303FF09 
 274      B17401F0 
 275 09b9 22AF827D 		.string	"\"\257\202}b~\n\357u\360\003\244$\026\365\202t\3405\360\365\203\340\373\243\340\374\243\3
 275      627E0AEF 
 275      75F003A4 
 275      2416F582 
 275      74E035F0 
 276 0a3f 92B2EFC3 		.string	"\222\262\357\303\023\377\356\023\376\355\023\375\354\023\374\322\263\200\341\302\263\"\34
 276      13FFEE13 
 276      FEED13FD 
 276      EC13FCD2 
 276      B380E1C2 
 277 0a8e C2B32275 		.string	"\302\263\"u\232\347u\233\200\250\202\302\263\345\234\023\222\261\322\263\023\302\263\222\
 277      9AE7759B 
 277      80A882C2 
 277      B3E59C13 
 277      92B1D2B3 
 278 0b37 C2B3F582 		.string	"\302\263\365\202\"\217\202\"\257\202\256\203\255\360\374\220\340%\357\360\356\243\360\355
 278      228F8222 
 278      AF82AE83 
 278      ADF0FC90 
 278      E025EFF0 
 279 0b97 EF9400   		.string	"\357\224"
 280 0b9a B3E433FB 		.string	"\263\3443\373`\nx"
 280      600A7800 
 281 0ba2 79027A00 		.string	"y\002z"
 282 0ba6 7B00     		.string	"{"
 283 0ba8 80088C00 		.string	"\200\b\214"
 284 0bac 8D018E02 		.ascii	"\215\001\216\002\217\003\220\346\215\340\377u\t\200u\n\347u\013"
 284      8F0390E6 
 284      8DE0FF75 
 284      0980750A 
 284      E7750B
 285 0bbf C0750CE7 		.ascii	"\300u\f\347\220\340%\340\373\243\340\374\243\340\375\243\340"
 285      90E025E0 
 285      FBA3E0FC 
 285      A3E0FDA3 
 285      E0
 286 0bd0 FE880D89 		.ascii	"\376\210\r\211\016\344\365\017\365\020\353\265\r\016\354\265"
 286      0EE4F50F 
 286      F510EBB5 
 286      0D0EECB5 
 287 0be0 0E0AEDB5 		.ascii	"\016\n\355\265\017\006\356\265\020\002\200\003\002\r\013\350"
 287      0F06EEB5 
 287      10028003 
 287      020D0BE8 
 288 0bf0 24FFFDE9 		.ascii	"$\377\375\3514\377\376S\005\370\210\004\215\003\354\303\233\374"
 288      34FFFE53 
 288      05F88804 
 288      8D03ECC3 
 288      9BFC
 289 0c02 EEC423CD 		.ascii	"\356\304#\315"
 290 0c06 C423541F 		.string	"\304#T\037m\315T\037\315m\315\376\215\006\035\356`?\253\013\256\f\205\t\202\205\n\203\340
 290      6DCD541F 
 290      CD6DCDFE 
 290      8D061DEE 
 290      603FAB0B 
 291 0d07 120B24AC 		.string	"\022\013$\254\202\320"
 291      82D000
 292 0d0e D005D006 		.string	"\320\005\320\006\320\007\215\202\216\203\354\360\005\013\344\265\013\303\005\f\200\277\22
 292      D0078D82 
 292      8E83ECF0 
 292      050BE4B5 
 292      0BC3050C 
 293 0d91 EF9400   		.string	"\357\224"
 294 0d94 B3E433FB 		.string	"\263\3443\373`\nx"
 294      600A7800 
 295 0d9c 79027A00 		.string	"y\002z"
 296 0da0 7B00     		.string	"{"
 297 0da2 80088C00 		.string	"\200\b\214"
 298 0da6 8D018E02 		.ascii	"\215\001\216\002\217\003\220\346\215\340\220\340%\340\374\243"
 298      8F0390E6 
 298      8DE090E0 
 298      25E0FCA3 
 299 0db6 E0FDA3E0 		.ascii	"\340\375\243\340\376"
 299      FE
 300 0dbb A3E0FF88 		.string	"\243\340\377\210\021\211\022\344\365\023\365\024\354\265\021\016\355\265\022\n\356\265\02
 300      118912E4 
 300      F513F514 
 300      ECB5110E 
 300      EDB5120A 
 301 0ebc EF139203 		.string	"\357\023\222\003\220\340%\340\373\243\340\374\243\340\375\243\340\376\353LMNp\003\002\020
 301      90E025E0 
 301      FBA3E0FC 
 301      A3E0FDA3 
 301      E0FEEB4C 
 302 0ef1 EE9400   		.string	"\356\224"
 303 0ef4 B3E433FA 		.ascii	"\263\3443\372`\f\344\365\025u\026\002\365\027\365\030\200\b\213"
 303      600CE4F5 
 303      15751602 
 303      F517F518 
 303      80088B
 304 0f07 158C168D 		.ascii	"\025\214\026\215\027\216\030\255\025\256\026\215\003\356\304"
 304      178E18AD 
 304      15AE168D 
 304      03EEC4
 305 0f16 23CBC423 		.ascii	"#\313\304#T\037k\313T\037\313k\313\374\355T\007`\002t\001\374"
 305      541F6BCB 
 305      541FCB6B 
 305      CBFCED54 
 305      07600274 
 306 0f2c C007EC2B 		.ascii	"\300\007\354+\374u\013\300u\f\347\220\340%\340\370\243\340\371"
 306      FC750BC0 
 306      750CE790 
 306      E025E0F8 
 306      A3E0F9
 307 0f3f A3E0FAA3 		.ascii	"\243\340\372\243\340\377\215\025\216\026\344\365\027\365\030"
 307      E0FF8D15 
 307      8E16E4F5 
 307      17F518
 308 0f4e E8B5150E 		.ascii	"\350\265\025\016\351\265\026\n\352\265\027\006\357\265\030\002"
 308      E9B5160A 
 308      EAB51706 
 308      EFB51802 
 309 0f5e 8005D007 		.ascii	"\200\005\320\007\002\020L\320\007\355$\377\371\3564\377\372S"
 309      02104CD0 
 309      07ED24FF 
 309      F9EE34FF 
 309      FA53
 310 0f70 01F88906 		.ascii	"\001\370\211\006\355\303\236\376\352\304#\311\304#T\037i\311"
 310      EDC39EFE 
 310      EAC423C9 
 310      C423541F 
 310      69C9
 311 0f82 541FC969 		.ascii	"T\037\311i\311\372\211\005\031\355`3\252\013\255\f\217\202\300"
 311      C9FA8905 
 311      19ED6033 
 311      AA0BAD0C 
 311      8F82C0
 312 0f95 07C006C0 		.ascii	"\007\300\006\300\005\300\004\300\002\300\001"
 312      05C004C0 
 312      02C001
 313 0fa0 120B24A8 		.string	"\022\013$\250\202\320\001\320\002\320\004\320\005\320\006\320\007\212\202\215\203\350\360
 313      82D001D0 
 313      02D004D0 
 313      05D006D0 
 313      078A828D 
 314 1090 C00790E0 		.string	"\300\007\220\340%\340\373\243\340\374\243\340\375\243\340\376\353$\377\370\3544\377\371\3
 314      25E0FBA3 
 314      E0FCA3E0 
 314      FDA3E0FE 
 314      EB24FFF8 
 315 10b2 F8880690 		.string	"\370\210\006\220\340\021\353\303\236\360\210\031\351\304#\305\031\304#T\037e\031\305\031T
 315      E011EBC3 
 315      9EF08819 
 315      E9C423C5 
 315      19C42354 
 316 119b 7900     		.string	"y"
 317 119d 7A00     		.string	"z"
 318 119f 7F00     		.string	"\177"
 319 11a1 90E025EB 		.string	"\220\340%\353\303\230\360\354\231\243\360\355\232\243\360\356\237\243\360\200\233\220\340
 319      C398F0EC 
 319      99A3F0ED 
 319      9AA3F0EE 
 319      9FA3F080 
 320 11ed EE9400   		.string	"\356\224"
 321 11f0 EF9400   		.string	"\357\224"
 322 11f3 B3E433FB 		.string	"\263\3443\373`\nx@y"
 322      600A7840 
 322      7900
 323 11fd 7A00     		.string	"z"
 324 11ff 7B00     		.string	"{"
 325 1201 80088C00 		.string	"\200\b\214"
 326 1205 8D018E02 		.string	"\215\001\216\002\217\003u\013\300u\f\347\210\007\357`-\255\013\256\fu\202"
 326      8F03750B 
 326      C0750CE7 
 326      8807EF60 
 326      2DAD0BAE 
 327 121d C007C006 		.string	"\300\007\300\006\300\005\300"
 327      C005C000 
 328 1225 120B24AC 		.string	"\022\013$\254\202\320"
 328      82D000
 329 122c D005D006 		.string	"\320\005\320\006\320\007\215\202\216\203\354\360\005\013\344\265\013\002\005\f\037\200\32
 329      D0078D82 
 329      8E83ECF0 
 329      050BE4B5 
 329      0B02050C 
 330 1258 7A00     		.string	"z"
 331 125a 7B00     		.string	"{"
 332 125c 90E025EC 		.string	"\220\340%\354\303\230\360\355\231\243\360\356\232\243\360\357\233\243\360\002\021\354\220
 332      C398F0ED 
 332      99A3F0EE 
 332      9AA3F0EF 
 332      9BA3F002 
 333 12c4 00       		.string	""
 334 12c5 00       		.string	""
 335 12c6 00       		.string	""
 336 12c7 00       		.string	""
 337 12c8 00       		.string	""
 338 12c9 00       		.string	""
 339 12ca 00       		.string	""
 340 12cb 00       		.string	""
 341 12cc 00       		.string	""
 342 12cd 00       		.string	""
 343 12ce C2B300   		.string	"\302\263"
 344 12d1 00       		.string	""
 345 12d2 00       		.string	""
 346 12d3 00       		.string	""
 347 12d4 00       		.string	""
 348 12d5 00       		.string	""
 349 12d6 1ABAFFE7 		.string	"\032\272\377\347\033\273\377\343\034\274\377\337\035\275\377\333\"\220\346x\340\3770\340\
 349      1BBBFFE3 
 349      1CBCFFDF 
 349      1DBDFFDB 
 349      2290E678 
 350 138b AD237E00 		.string	"\255#~"
 351 138f 1DBDFF01 		.string	"\035\275\377\001\036\217\003|"
 351      1E8F037C 
 351      00
 352 1398 C3EB9DEC 		.string	"\303\353\235\354d\200\216\360c\360\200\225\360P\037\357%$\375\3445%\376\220\346y\340\215\
 352      64808EF0 
 352      63F08095 
 352      F0501FEF 
 352      2524FDE4 
 353 145e C3EC9526 		.string	"\303\354\225&P*\216\202\217\203\340\373\243\256\202\257\203\220\346y\353\360\300\007\300\
 353      502A8E82 
 353      8F83E0FB 
 353      A3AE82AF 
 353      8390E679 
 354 14d3 D2E890E6 		.string	"\322\350\220\346h\340D\b\360\220\346\\\340D\001\360\220\346\\\340D\020\360\220\346\\\340D
 354      68E04408 
 354      F090E65C 
 354      E04401F0 
 354      90E65CE0 
 355 1536 D209AF91 		.string	"\322\t\257\221t\357_\365\221\220\346]t\001\360\320\320\320\007\320\203\320\202\320\3402\3
 355      74EF5FF5 
 355      9190E65D 
 355      7401F0D0 
 355      D0D007D0 
 356 156a C0D075D0 		.string	"\300\320u\320"
 356      00
 357 156f 758200   		.string	"u\202"
 358 1572 121939AF 		.string	"\022\0319\257\221t\357_\365\221\220\346\003\377\025\256]t\020\360\320\320\320"
 358      9174EF5F 
 358      F59190E6 
 358      03FF15AE 
 358      5D7410F0 
 359 158a D001D002 		.string	"\320\001\320\002\320\003\320\004\320\005\320\006\320\007\320\203\320\202\320\360\320\340\
 359      D003D004 
 359      D005D006 
 359      D007D083 
 359      D082D0F0 
 360 15bd C0D075D0 		.string	"\300\320u\320"
 360      00
 361 15c2 75820112 		.string	"u\202\001\022\0319\257\221t\357_\365\221\220\346]t \360\320\320\320"
 361      1939AF91 
 361      74EF5FF5 
 361      9190E65D 
 361      7420F0D0 
 362 15d9 D001D002 		.string	"\320\001\320\002\320\003\320\004\320\005\320\006\320\007\320\203\320\202\320\360\320\340\
 362      D003D004 
 362      D005D006 
 362      D007D083 
 362      D082D0F0 
 363 15ff D20AAF91 		.string	"\322\n\257\221t\357_\365\221\220\346]t\b\360\320\320\320\007\320\203\320\202\320\34022222
 363      74EF5FF5 
 363      9190E65D 
 363      7408F0D0 
 363      D0D007D0 
 364 16d5 751F408F 		.ascii	"u\037@\217\202\022\t\210\345\202p\n\220\346\240\340\377D\001"
 364      82120988 
 364      E582700A 
 364      90E6A0E0 
 364      FF4401
 365 16e8 F0804690 		.ascii	"\360\200F\220\347@\345)\360\220\346\212\344\360\220\346\213t"
 365      E740E529 
 365      F090E68A 
 365      E4F090E6 
 365      8B74
 366 16fa 01F08033 		.ascii	"\001\360\2003\220\346\274\340\377\220\346\272\340\365\035\217"
 366      90E6BCE0 
 366      FF90E6BA 
 366      E0F51D8F 
 367 170a 821209A5 		.ascii	"\202\022\t\245\345\202p\037\220\346\240\340\377D\001\360\200"
 367      E582701F 
 367      90E6A0E0 
 367      FF4401F0 
 367      80
 368 171b 1590E6B9 		.ascii	"\025\220\346\271\340\365\202\022\005\252\345\202p\b\220\346\240"
 368      E0F58212 
 368      05AAE582 
 368      700890E6 
 368      A0
 369 172c E0FF4401 		.ascii	"\340\377D\001\360\220\346\240\340D\200\360\"\257\202\217\006"
 369      F090E6A0 
 369      E04480F0 
 369      22AF828F 
 369      06
 370 173d 53067FEE 		.ascii	"S\006\177\356$\367P\003\002\027\273\356$\n\203\365\202\356$\r"
 370      24F75003 
 370      0217BBEE 
 370      240A83F5 
 370      82EE240D 
 371 1751 83F583E4 		.ascii	"\203\365\203\344s\224\230\253\273\257\273\263\273\267\027\027"
 371      739498AB 
 371      BBAFBBB3 
 371      BBB71717 
 372 1761 17171717 		.ascii	"\027\027\027\027\027\027\027\220\346\240\"\3570\347\006"
 372      17171790 
 372      E6A022EF 
 372      30E706
 373 1770 7EA27FE6 		.string	"~\242\177\346\200\004~\241\177\346\216\202\217\203\"\220\346\243\"\220\346\244\"\220\346\
 373      80047EA1 
 373      7FE68E82 
 373      8F832290 
 373      E6A32290 
 374 1791 00       		.string	""
 375 1792 2290E6B8 		.string	"\"\220\346\270\340\377\277\200\002\200\037\277\201\002\200\005\277\202o\2004\220\347@\344
 375      E0FFBF80 
 375      02801FBF 
 375      81028005 
 375      BF826F80 
 376 17fe 90E740EF 		.string	"\220\347@\357\360\220\347A\344\360\220\346\212\360\220\346\213t\002\360\200\004u\202"
 376      F090E741 
 376      E4F090E6 
 376      8AF090E6 
 376      8B7402F0 
 377 1817 22758201 		.string	"\"u\202\001\"\220\346\270\340\377`\005\277\002W\200\021\220\346\272\340\377\277\001\005u+
 377      2290E6B8 
 377      E0FF6005 
 377      BF025780 
 377      1190E6BA 
 378 1833 80517582 		.string	"\200Qu\202"
 378      00
 379 1838 2290E6BA 		.string	"\"\220\346\272\340p:\220\346\274\340\365\202\022\027e\256\202\257\203\340\375S\005\376\21
 379      E0703A90 
 379      E6BCE0F5 
 379      82121765 
 379      AE82AF83 
 380 187c 2290E6B9 		.string	"\"\220\346\271\340\365\202\002\005\252u\202\001\"\220\346\270\340\377`\005\277\002l\200\0
 380      E0F58202 
 380      05AA7582 
 380      012290E6 
 380      B8E0FF60 
 381 18b0 2290E6BA 		.string	"\"\220\346\272\340pE\220\346\274\340\365\202\022\027e\256\202\257\203\356Op\003\365\202\"
 381      E0704590 
 381      E6BCE0F5 
 381      82121765 
 381      AE82AF83 
 382 18ff 2290E6B9 		.string	"\"\220\346\271\340\365\202\002\005\252u\202\001\"\257\202\322\013\020\257\002\302\013\357
 382      E0F58202 
 382      05AA7582 
 382      0122AF82 
 382      D20B10AF 
 383 195d 7F1E8F06 		.string	"\177\036\217\006\220\346\263\356\360~"
 383      90E6B3EE 
 383      F07E00
 384 1968 7F1E90E6 		.string	"\177\036\220\346\264\356\360\"\257-\220\346\263\357\360\256,\220\346\264\356\360\"~d\002E
 384      B4EEF022 
 384      AF2D90E6 
 384      B3EFF0AE 
 384      2C90E6B4 
 385 1991 8B020BEA 		.string	"\213\002\013\352\265\035\002\200B\216"
 385      B51D0280 
 385      428E00
 386 199c 8D018F02 		.string	"\215\001\217\002\216\202\215\203\217\360\022\032\327(\370\3449\371\210\006\211\005\212\00
 386      8E828D83 
 386      8FF0121A 
 386      D728F8E4 
 386      39F98806 
 387 19ce 7D00     		.string	"}"
 388 19d0 7F00     		.string	"\177"
 389 19d2 EE4D6006 		.string	"\356M`\006\303\345\035\233P\265\356M`\r\215\007\220\346\263\357\360\220\346\264\356\360\"
 389      C3E51D9B 
 389      50B5EE4D 
 389      600D8D07 
 389      90E6B3EF 
 390 1a37 2280FEF2 		.string	"\"\200\376\362\200\365\360\"222222222222222222222222\256\202\257\203\220\346"
 390      80F5F022 
 390      32323232 
 390      32323232 
 390      32323232 
 391 1a5e E05418C4 		.string	"\340T\030\304#T\037\375\264\001"
 391      23541FFD 
 391      B40100
 392 1a69 E433FD60 		.string	"\3443\375`\006|\261}"
 392      067CB17D 
 392      00
 393 1a72 801C90E6 		.string	"\200\034\220\346"
 393      00
 394 1a77 E05418C4 		.string	"\340T\030\304#T\037\373\273\001\006za{\001\200\004z\302{\002\212\004\213\005\214\035\215\
 394      23541FFB 
 394      BB01067A 
 394      617B0180 
 394      047AC27B 
 395 1ac2 22E280F7 		.string	"\"\342\200\367\344\223\"\340\"2u\202"
 395      E49322E0 
 395      22327582 
 395      00
 396 1acf 22BA00   		.string	"\"\272"
 397 1ad2 00       		.string	""
 398 1ad3 00       		.string	""
 399 1ad4 C700     		.string	"\307"
 400 1ad6 D000     		.string	"\320"
 401 1ad8 D900     		.string	"\331"
 402 1ada E200     		.string	"\342"
 403 1adc EB00     		.string	"\353"
 404 1ade F400     		.string	"\364"
 405 1ae0 FD00     		.string	"\375"
 406 1ae2 06017A02 		.string	"\006\001z\002\273\005"
 406      BB0500
 407 1ae9 00       		.string	""
 408 1aea 2F00     		.string	"/"
 409 1aec 3600     		.string	"6"
 410 1aee 3D00     		.string	"="
 411 1af0 4400     		.string	"D"
 412 1af2 4B00     		.string	"K"
 413 1af4 5200     		.string	"R"
 414 1af6 5900     		.string	"Y"
 415 1af8 6000     		.string	"`"
 416 1afa 7500     		.string	"u"
 417 1afc 7C00     		.string	"|"
 418 1afe 8300     		.string	"\203"
 419 1b00 8A00     		.string	"\212"
 420 1b02 9100     		.string	"\221"
 421 1b04 9800     		.string	"\230"
 422 1b06 9F00     		.string	"\237"
 423 1b08 A600     		.string	"\246"
 424 1b0a CA00     		.string	"\312"
 425 1b0c D300     		.string	"\323"
 426 1b0e DC00     		.string	"\334"
 427 1b10 E500     		.string	"\345"
 428 1b12 EE00     		.string	"\356"
 429 1b14 F700     		.string	"\367"
 430 1b16 00       		.string	""
 431 1b17 01090170 		.string	"\001\t\001p\002.\004\241\005\374\006"
 431      022E04A1 
 431      05FC0600 
 432 1b23 00       		.string	""
 433 1b24 1600     		.string	"\026"
 434 1b26 66022404 		.string	"f\002$\004\271\005\022\007"
 434      B9051207 
 434      00
 435 1b2f 00       		.string	""
 436 1b30 1000     		.string	"\020"
 437 1b32 2500     		.string	"%"
 438 1b34 2900     		.string	")"
 439 1b36 3100     		.string	"1"
 440 1b38 3400     		.string	"4"
 441 1b3a 3800     		.string	"8"
 442 1b3c 3B00     		.string	";"
 443 1b3e 3F00     		.string	"?"
 444 1b40 4200     		.string	"B"
 445 1b42 4600     		.string	"F"
 446 1b44 4900     		.string	"I"
 447 1b46 4D00     		.string	"M"
 448 1b48 5000     		.string	"P"
 449 1b4a 5400     		.string	"T"
 450 1b4c 5700     		.string	"W"
 451 1b4e 5B00     		.string	"["
 452 1b50 5E00     		.string	"^"
 453 1b52 6200     		.string	"b"
 454 1b54 6500     		.string	"e"
 455 1b56 7000     		.string	"p"
 456 1b58 7700     		.string	"w"
 457 1b5a 7A00     		.string	"z"
 458 1b5c 7E00     		.string	"~"
 459 1b5e 8100     		.string	"\201"
 460 1b60 8500     		.string	"\205"
 461 1b62 8800     		.string	"\210"
 462 1b64 8C00     		.string	"\214"
 463 1b66 8F00     		.string	"\217"
 464 1b68 9300     		.string	"\223"
 465 1b6a 9600     		.string	"\226"
 466 1b6c 9A00     		.string	"\232"
 467 1b6e 9D00     		.string	"\235"
 468 1b70 A100     		.string	"\241"
 469 1b72 A400     		.string	"\244"
 470 1b74 A800     		.string	"\250"
 471 1b76 AC00     		.string	"\254"
 472 1b78 B700     		.string	"\267"
 473 1b7a BC00     		.string	"\274"
 474 1b7c C000     		.string	"\300"
 475 1b7e CC00     		.string	"\314"
 476 1b80 CE00     		.string	"\316"
 477 1b82 D500     		.string	"\325"
 478 1b84 D700     		.string	"\327"
 479 1b86 DE00     		.string	"\336"
 480 1b88 E000     		.string	"\340"
 481 1b8a E700     		.string	"\347"
 482 1b8c E900     		.string	"\351"
 483 1b8e F000     		.string	"\360"
 484 1b90 F200     		.string	"\362"
 485 1b92 F900     		.string	"\371"
 486 1b94 FB00     		.string	"\373"
 487 1b96 02010401 		.string	"\002\001\004\001\013\001\016\001\211\002\213\0027\0049\004\312\005\314\005\024\007\026\00
 487      0B010E01 
 487      89028B02 
 487      37043904 
 487      CA05CC05 
 488 1bb3 00       		.string	""
 489 1bb4 00       		.string	""
 490 1bb5 FC1A8012 		.string	"\374\032\200\022\033\200L\033\200X\033\200\370\032\200"
 490      1B804C1B 
 490      80581B80 
 490      F81A8000 
 491 1bc5 00       		.string	""
 492 1bc6 00       		.string	""
 493 1bc7 00       		.string	""
 494 1bc8 00       		.string	""
 495 1bc9 00       		.string	""
 496 1bca 00       		.string	""
 497 1bcb AA1E00   		.string	"\252\036"
 498 1bce 120100   		.string	"\022\001"
 499 1bd1 0200     		.string	"\002"
 500 1bd3 00       		.string	""
 501 1bd4 00       		.string	""
 502 1bd5 40501D2B 		.string	"@P\035+`\002"
 502      600200
 503 1bdc 010200   		.string	"\001\002"
 504 1bdf 0109022E 		.string	"\001\t\002."
 504      00
 505 1be4 010100   		.string	"\001\001"
 506 1be7 80FA0904 		.string	"\200\372\t\004"
 506      00
 507 1bec 00       		.string	""
 508 1bed 04FF00   		.string	"\004\377"
 509 1bf0 00       		.string	""
 510 1bf1 00       		.string	""
 511 1bf2 07050102 		.string	"\007\005\001\002"
 511      00
 512 1bf7 0200     		.string	"\002"
 513 1bf9 07058102 		.string	"\007\005\201\002"
 513      00
 514 1bfe 0200     		.string	"\002"
 515 1c00 07050202 		.string	"\007\005\002\002"
 515      00
 516 1c05 0200     		.string	"\002"
 517 1c07 07058602 		.string	"\007\005\206\002"
 517      00
 518 1c0c 0200     		.string	"\002"
 519 1c0e 0A0600   		.string	"\n\006"
 520 1c11 0200     		.string	"\002"
 521 1c13 00       		.string	""
 522 1c14 00       		.string	""
 523 1c15 400100   		.string	"@\001"
 524 1c18 09021900 		.string	"\t\002\031"
 525 1c1c 010100   		.string	"\001\001"
 526 1c1f 80320904 		.string	"\2002\t\004"
 526      00
 527 1c24 00       		.string	""
 528 1c25 01FFFFFF 		.string	"\001\377\377\377"
 528      00
 529 1c2a 07050602 		.string	"\007\005\006\002"
 529      00
 530 1c2f 0200     		.string	"\002"
 531 1c31 00       		.string	""
 532 1c32 04030904 		.string	"\004\003\t\004\024\003M"
 532      14034D00 
 533 1c3a 6100     		.string	"a"
 534 1c3c 6B00     		.string	"k"
 535 1c3e 6500     		.string	"e"
 536 1c40 5300     		.string	"S"
 537 1c42 7400     		.string	"t"
 538 1c44 7500     		.string	"u"
 539 1c46 6600     		.string	"f"
 540 1c48 6600     		.string	"f"
 541 1c4a 2C034600 		.string	",\003F"
 542 1c4e 5000     		.string	"P"
 543 1c50 4700     		.string	"G"
 544 1c52 4100     		.string	"A"
 545 1c54 4C00     		.string	"L"
 546 1c56 6900     		.string	"i"
 547 1c58 6E00     		.string	"n"
 548 1c5a 6B00     		.string	"k"
 549 1c5c 2F00     		.string	"/"
 550 1c5e 4600     		.string	"F"
 551 1c60 5800     		.string	"X"
 552 1c62 3200     		.string	"2"
 553 1c64 2000     		.string	" "
 554 1c66 3200     		.string	"2"
 555 1c68 3000     		.string	"0"
 556 1c6a 3100     		.string	"1"
 557 1c6c 3400     		.string	"4"
 558 1c6e 3000     		.string	"0"
 559 1c70 3300     		.string	"3"
 560 1c72 3100     		.string	"1"
 561 1c74 3100     		.string	"1"
 562 1c76 00       		.string	""
 563 1c77 00       		.string	""
 564 1c78 00       		.string	""
 565 1c79 B81F00   		.string	"\270\037"
 566 1c7c 02155900 		.string	"\002\025Y"
 567 1c80 021A4B00 		.string	"\002\032K"
 568 1c84 02164800 		.string	"\002\026H"
 569 1c88 02161E00 		.string	"\002\026\036"
 570 1c8c 02158000 		.string	"\002\025\200"
 571 1c90 0215CF00 		.string	"\002\025\317"
 572 1c94 02164500 		.string	"\002\026E"
 573 1c98 021A7400 		.string	"\002\032t"
 574 1c9c 021A7500 		.string	"\002\032u"
 575 1ca0 021A7600 		.string	"\002\032v"
 576 1ca4 021A7700 		.string	"\002\032w"
 577 1ca8 021A7A00 		.string	"\002\032z"
 578 1cac 021A4A00 		.string	"\002\032J"
 579 1cb0 021A6700 		.string	"\002\032g"
 580 1cb4 021A6800 		.string	"\002\032h"
 581 1cb8 021A6A00 		.string	"\002\032j"
 582 1cbc 02164A00 		.string	"\002\026J"
 583 1cc0 021A7400 		.string	"\002\032t"
 584 1cc4 021AF300 		.string	"\002\032\363"
 585 1cc8 02164600 		.string	"\002\026F"
 586 1ccc 02164700 		.string	"\002\026G"
 587 1cd0 02164900 		.string	"\002\026I"
 588 1cd4 02164B00 		.string	"\002\026K"
 589 1cd8 02164C00 		.string	"\002\026L"
 590 1cdc 021AD600 		.string	"\002\032\326"
 591 1ce0 021A7400 		.string	"\002\032t"
 592 1ce4 021A7400 		.string	"\002\032t"
 593 1ce8 021A7400 		.string	"\002\032t"
 594 1cec 021A7300 		.string	"\002\032s"
 595 1cf0 021A7800 		.string	"\002\032x"
 596 1cf4 021A7B00 		.string	"\002\032{"
 597 1cf8 021A7D00 		.string	"\002\032}"
 598 1cfc 021A7900 		.string	"\002\032y"
 599 1d00 021A7C00 		.string	"\002\032|"
 600 1d04 021A7E00 		.string	"\002\032~"
 601 1d08 021AD500 		.string	"\002\032\325"
 602 1d0c 021A6B00 		.string	"\002\032k"
 603 1d10 021A6D00 		.string	"\002\032m"
 604 1d14 021A6F00 		.string	"\002\032o"
 605 1d18 021A7100 		.string	"\002\032q"
 606 1d1c 021A6C00 		.string	"\002\032l"
 607 1d20 021A6E00 		.string	"\002\032n"
 608 1d24 021A7000 		.string	"\002\032p"
 609 1d28 021A7200 		.string	"\002\032r"
 610 1d2c 021A6900 		.string	"\002\032i"
 611 1d30 021A4900 		.string	"\002\032I"
 612 1d34 8001E600 		.string	"\200\001\346"
 613 1d38 00       		.string	""
 614              		.ident	"GCC: (Ubuntu 11.3.0-1ubuntu1~22.04) 11.3.0"
 615              		.section	.note.GNU-stack,"",@progbits
 616              		.section	.note.gnu.property,"a"
 617              		.align 8
 618 0000 04000000 		.long	1f - 0f
 619 0004 10000000 		.long	4f - 1f
 620 0008 05000000 		.long	5
 621              	0:
 622 000c 474E5500 		.string	"GNU"
 623              	1:
 624              		.align 8
 625 0010 020000C0 		.long	0xc0000002
 626 0014 04000000 		.long	3f - 2f
 627              	2:
 628 0018 03000000 		.long	0x3
 629              	3:
 630 001c 00000000 		.align 8
 631              	4:
DEFINED SYMBOLS
                            *ABS*:0000000000000000 eepromNoBootFirmware.c
     /tmp/ccPqErRm.s:8      .data.rel.ro.local:0000000000000000 eepromNoBootFirmware
     /tmp/ccPqErRm.s:17     .rodata:0000000000000000 data

NO UNDEFINED SYMBOLS
